2026-05-10 21:37:19,196 - INFO - ============================================================
2026-05-10 21:37:19,196 - INFO - 开始基于调整后相位参数的数据集制作流程
2026-05-10 21:37:19,196 - INFO - ============================================================
2026-05-10 21:37:19,196 - INFO - 加载处理后的数据...
2026-05-10 21:37:19,197 - INFO - 加载处理后的数据: d:\CST output\CST 7\dataprepro_phase_shift\processed_data
2026-05-10 21:37:19,210 - INFO - 数据加载完成:
2026-05-10 21:37:19,210 - INFO -   X shape: (2, 4059)
2026-05-10 21:37:19,210 - INFO -   Y shape: (751, 4059)
2026-05-10 21:37:19,210 - INFO -   Z_shifted shape: (751, 4059)
2026-05-10 21:37:19,210 - INFO - 进行数据归一化...
2026-05-10 21:37:19,234 - INFO - 划分数据集...
2026-05-10 21:37:19,245 - INFO - 数据集划分(8:2): 训练集=3247, 验证集=812, 测试集=1（保留1个样本用于兼容原有代码）
2026-05-10 21:37:19,245 - INFO - 保存数据集...
2026-05-10 21:37:19,260 - INFO - 保存 train 数据集
2026-05-10 21:37:19,265 - INFO - 保存 val 数据集
2026-05-10 21:37:19,266 - INFO - 保存 test 数据集
2026-05-10 21:37:19,267 - INFO - 所有数据已保存到: d:\CST output\CST 7\dataset_shifted_phase
2026-05-10 21:37:19,267 - INFO - 生成数据集报告...
2026-05-10 21:37:19,281 - INFO - 数据集报告已生成: d:\CST output\CST 7\dataset_shifted_phase\reports\dataset_report.txt
2026-05-10 21:37:19,281 - INFO - 生成数据可视化...
2026-05-10 21:37:20,032 - INFO - 数据可视化图表已生成
2026-05-10 21:37:20,034 - INFO - ============================================================
2026-05-10 21:37:20,034 - INFO - 基于调整后相位参数的数据集制作完成!
2026-05-10 21:37:20,034 - INFO - 数据集已保存到: d:\CST output\CST 7\dataset_shifted_phase
2026-05-10 21:37:20,034 - INFO - ============================================================
