2026-05-10 21:36:08,874 - INFO - ============================================================
2026-05-10 21:36:08,874 - INFO - 开始相位平移数据预处理流程
2026-05-10 21:36:08,874 - INFO - ============================================================
2026-05-10 21:36:08,874 - INFO - 从CST项目中提取数据...
2026-05-10 21:36:08,874 - INFO - 开始处理项目: d:\CST output\CST 7\Dataset3.cst
2026-05-10 21:36:08,886 - INFO - 共有 4059 个扫描参数组合
2026-05-10 21:36:08,952 - INFO - 进度: [1/4059] L=400.0000 nm, W=198.0000 nm, data_len=1003
2026-05-10 21:36:09,408 - INFO - 进度: [50/4059] L=216.0000 nm, W=114.0000 nm, data_len=1003
2026-05-10 21:36:09,868 - INFO - 进度: [100/4059] L=232.0000 nm, W=194.0000 nm, data_len=1003
2026-05-10 21:36:10,350 - INFO - 进度: [150/4059] L=256.0000 nm, W=114.0000 nm, data_len=1003
2026-05-10 21:36:10,813 - INFO - 进度: [200/4059] L=272.0000 nm, W=194.0000 nm, data_len=1003
2026-05-10 21:36:11,264 - INFO - 进度: [250/4059] L=296.0000 nm, W=114.0000 nm, data_len=1002
2026-05-10 21:36:11,722 - INFO - 进度: [300/4059] L=312.0000 nm, W=194.0000 nm, data_len=1003
2026-05-10 21:36:12,196 - INFO - 进度: [350/4059] L=336.0000 nm, W=114.0000 nm, data_len=1003
2026-05-10 21:36:12,652 - INFO - 进度: [400/4059] L=352.0000 nm, W=194.0000 nm, data_len=1003
2026-05-10 21:36:13,102 - INFO - 进度: [450/4059] L=376.0000 nm, W=114.0000 nm, data_len=1003
2026-05-10 21:36:13,552 - INFO - 进度: [500/4059] L=392.0000 nm, W=194.0000 nm, data_len=1003
2026-05-10 21:36:14,001 - INFO - 进度: [550/4059] L=316.0000 nm, W=200.0000 nm, data_len=1003
2026-05-10 21:36:14,464 - INFO - 进度: [600/4059] L=340.0000 nm, W=264.0000 nm, data_len=1003
2026-05-10 21:36:14,914 - INFO - 进度: [650/4059] L=372.0000 nm, W=216.0000 nm, data_len=1003
2026-05-10 21:36:15,376 - INFO - 进度: [700/4059] L=396.0000 nm, W=280.0000 nm, data_len=1003
2026-05-10 21:36:15,825 - INFO - 进度: [750/4059] L=200.0000 nm, W=140.0000 nm, data_len=1003
2026-05-10 21:36:16,270 - INFO - 进度: [800/4059] L=204.0000 nm, W=104.0000 nm, data_len=1003
2026-05-10 21:36:16,718 - INFO - 进度: [850/4059] L=208.0000 nm, W=54.0000 nm, data_len=1003
2026-05-10 21:36:17,160 - INFO - 进度: [900/4059] L=208.0000 nm, W=188.0000 nm, data_len=1003
2026-05-10 21:36:17,609 - INFO - 进度: [950/4059] L=212.0000 nm, W=140.0000 nm, data_len=1003
2026-05-10 21:36:18,070 - INFO - 进度: [1000/4059] L=216.0000 nm, W=102.0000 nm, data_len=1003
2026-05-10 21:36:18,533 - INFO - 进度: [1050/4059] L=220.0000 nm, W=76.0000 nm, data_len=1003
2026-05-10 21:36:18,987 - INFO - 进度: [1100/4059] L=220.0000 nm, W=176.0000 nm, data_len=1003
2026-05-10 21:36:19,434 - INFO - 进度: [1150/4059] L=224.0000 nm, W=150.0000 nm, data_len=1003
2026-05-10 21:36:19,881 - INFO - 进度: [1200/4059] L=228.0000 nm, W=112.0000 nm, data_len=1003
2026-05-10 21:36:20,325 - INFO - 进度: [1250/4059] L=232.0000 nm, W=64.0000 nm, data_len=1003
2026-05-10 21:36:20,772 - INFO - 进度: [1300/4059] L=232.0000 nm, W=198.0000 nm, data_len=1003
2026-05-10 21:36:21,218 - INFO - 进度: [1350/4059] L=236.0000 nm, W=148.0000 nm, data_len=1003
2026-05-10 21:36:21,664 - INFO - 进度: [1400/4059] L=240.0000 nm, W=112.0000 nm, data_len=1003
2026-05-10 21:36:22,121 - INFO - 进度: [1450/4059] L=244.0000 nm, W=84.0000 nm, data_len=1003
2026-05-10 21:36:22,566 - INFO - 进度: [1500/4059] L=244.0000 nm, W=184.0000 nm, data_len=1003
2026-05-10 21:36:23,008 - INFO - 进度: [1550/4059] L=248.0000 nm, W=160.0000 nm, data_len=1003
2026-05-10 21:36:23,459 - INFO - 进度: [1600/4059] L=252.0000 nm, W=120.0000 nm, data_len=1003
2026-05-10 21:36:23,901 - INFO - 进度: [1650/4059] L=256.0000 nm, W=76.0000 nm, data_len=1003
2026-05-10 21:36:24,345 - INFO - 进度: [1700/4059] L=260.0000 nm, W=56.0000 nm, data_len=1003
2026-05-10 21:36:24,787 - INFO - 进度: [1750/4059] L=260.0000 nm, W=156.0000 nm, data_len=1003
2026-05-10 21:36:25,245 - INFO - 进度: [1800/4059] L=264.0000 nm, W=124.0000 nm, data_len=1003
2026-05-10 21:36:25,700 - INFO - 进度: [1850/4059] L=268.0000 nm, W=92.0000 nm, data_len=1003
2026-05-10 21:36:26,143 - INFO - 进度: [1900/4059] L=268.0000 nm, W=192.0000 nm, data_len=1003
2026-05-10 21:36:26,586 - INFO - 进度: [1950/4059] L=272.0000 nm, W=172.0000 nm, data_len=1003
2026-05-10 21:36:27,054 - INFO - 进度: [2000/4059] L=276.0000 nm, W=128.0000 nm, data_len=1003
2026-05-10 21:36:27,497 - INFO - 进度: [2050/4059] L=280.0000 nm, W=86.0000 nm, data_len=1003
2026-05-10 21:36:27,949 - INFO - 进度: [2100/4059] L=284.0000 nm, W=64.0000 nm, data_len=1003
2026-05-10 21:36:28,398 - INFO - 进度: [2150/4059] L=284.0000 nm, W=164.0000 nm, data_len=1003
2026-05-10 21:36:28,853 - INFO - 进度: [2200/4059] L=288.0000 nm, W=134.0000 nm, data_len=1002
2026-05-10 21:36:29,299 - INFO - 进度: [2250/4059] L=292.0000 nm, W=100.0000 nm, data_len=1003
2026-05-10 21:36:29,748 - INFO - 进度: [2300/4059] L=292.0000 nm, W=200.0000 nm, data_len=1003
2026-05-10 21:36:30,197 - INFO - 进度: [2350/4059] L=296.0000 nm, W=182.0000 nm, data_len=1003
2026-05-10 21:36:30,643 - INFO - 进度: [2400/4059] L=300.0000 nm, W=136.0000 nm, data_len=1003
2026-05-10 21:36:31,090 - INFO - 进度: [2450/4059] L=304.0000 nm, W=100.0000 nm, data_len=1003
2026-05-10 21:36:31,529 - INFO - 进度: [2500/4059] L=308.0000 nm, W=74.0000 nm, data_len=1003
2026-05-10 21:36:31,976 - INFO - 进度: [2550/4059] L=308.0000 nm, W=174.0000 nm, data_len=1003
2026-05-10 21:36:32,437 - INFO - 进度: [2600/4059] L=312.0000 nm, W=150.0000 nm, data_len=1003
2026-05-10 21:36:32,881 - INFO - 进度: [2650/4059] L=316.0000 nm, W=112.0000 nm, data_len=1003
2026-05-10 21:36:33,323 - INFO - 进度: [2700/4059] L=320.0000 nm, W=68.0000 nm, data_len=1003
2026-05-10 21:36:33,766 - INFO - 进度: [2750/4059] L=324.0000 nm, W=50.0000 nm, data_len=1003
2026-05-10 21:36:34,211 - INFO - 进度: [2800/4059] L=324.0000 nm, W=150.0000 nm, data_len=1003
2026-05-10 21:36:34,661 - INFO - 进度: [2850/4059] L=328.0000 nm, W=118.0000 nm, data_len=1003
2026-05-10 21:36:35,108 - INFO - 进度: [2900/4059] L=332.0000 nm, W=88.0000 nm, data_len=1003
2026-05-10 21:36:35,591 - INFO - 进度: [2950/4059] L=332.0000 nm, W=188.0000 nm, data_len=1003
2026-05-10 21:36:36,039 - INFO - 进度: [3000/4059] L=336.0000 nm, W=168.0000 nm, data_len=1003
2026-05-10 21:36:36,489 - INFO - 进度: [3050/4059] L=340.0000 nm, W=126.0000 nm, data_len=1003
2026-05-10 21:36:36,941 - INFO - 进度: [3100/4059] L=344.0000 nm, W=86.0000 nm, data_len=1003
2026-05-10 21:36:37,386 - INFO - 进度: [3150/4059] L=348.0000 nm, W=64.0000 nm, data_len=1003
2026-05-10 21:36:37,830 - INFO - 进度: [3200/4059] L=348.0000 nm, W=164.0000 nm, data_len=1003
2026-05-10 21:36:38,276 - INFO - 进度: [3250/4059] L=352.0000 nm, W=136.0000 nm, data_len=1003
2026-05-10 21:36:38,723 - INFO - 进度: [3300/4059] L=356.0000 nm, W=102.0000 nm, data_len=1003
2026-05-10 21:36:39,188 - INFO - 进度: [3350/4059] L=360.0000 nm, W=54.0000 nm, data_len=1003
2026-05-10 21:36:39,638 - INFO - 进度: [3400/4059] L=360.0000 nm, W=188.0000 nm, data_len=1003
2026-05-10 21:36:40,092 - INFO - 进度: [3450/4059] L=364.0000 nm, W=140.0000 nm, data_len=1003
2026-05-10 21:36:40,550 - INFO - 进度: [3500/4059] L=368.0000 nm, W=104.0000 nm, data_len=1003
2026-05-10 21:36:40,994 - INFO - 进度: [3550/4059] L=372.0000 nm, W=78.0000 nm, data_len=1002
2026-05-10 21:36:41,453 - INFO - 进度: [3600/4059] L=372.0000 nm, W=178.0000 nm, data_len=1003
2026-05-10 21:36:41,902 - INFO - 进度: [3650/4059] L=376.0000 nm, W=156.0000 nm, data_len=1003
2026-05-10 21:36:42,359 - INFO - 进度: [3700/4059] L=380.0000 nm, W=116.0000 nm, data_len=1003
2026-05-10 21:36:42,828 - INFO - 进度: [3750/4059] L=384.0000 nm, W=72.0000 nm, data_len=1003
2026-05-10 21:36:43,284 - INFO - 进度: [3800/4059] L=388.0000 nm, W=54.0000 nm, data_len=1003
2026-05-10 21:36:43,745 - INFO - 进度: [3850/4059] L=388.0000 nm, W=154.0000 nm, data_len=1003
2026-05-10 21:36:44,206 - INFO - 进度: [3900/4059] L=392.0000 nm, W=124.0000 nm, data_len=1003
2026-05-10 21:36:44,648 - INFO - 进度: [3950/4059] L=396.0000 nm, W=92.0000 nm, data_len=1003
2026-05-10 21:36:45,090 - INFO - 进度: [4000/4059] L=396.0000 nm, W=192.0000 nm, data_len=1003
2026-05-10 21:36:45,569 - INFO - 进度: [4050/4059] L=400.0000 nm, W=174.0000 nm, data_len=1003
2026-05-10 21:36:45,655 - INFO - 进度: [4059/4059] L=400.0000 nm, W=198.0000 nm, data_len=1003
2026-05-10 21:36:45,655 - INFO - 固定提取前 751 个数据点
2026-05-10 21:36:45,764 - INFO - 数据提取完成!
2026-05-10 21:36:45,764 - INFO - Size shape: (2, 4059)
2026-05-10 21:36:45,765 - INFO - Frequency shape: (751, 4059)
2026-05-10 21:36:45,765 - INFO - Phase shape: (751, 4059)
2026-05-10 21:36:45,796 - INFO - 保存原始数据...
2026-05-10 21:36:45,822 - INFO - 原始数据已保存到: d:\CST output\CST 7\dataprepro_phase_shift\raw_data
2026-05-10 21:36:45,823 - INFO - 进行相位平移处理...
2026-05-10 21:36:45,829 - INFO - 相位平移完成!
2026-05-10 21:36:45,832 - INFO - 原始相位范围: [-76.4330, 4.9408]
2026-05-10 21:36:45,834 - INFO - 平移后相位范围: [-79.2892, 5.8465]
2026-05-10 21:36:45,834 - INFO - 保存处理后的数据...
2026-05-10 21:36:45,861 - INFO - 处理后数据已保存到: d:\CST output\CST 7\dataprepro_phase_shift\processed_data
2026-05-10 21:36:45,863 - INFO - 生成处理报告...
2026-05-10 21:36:45,893 - INFO - 数据处理报告已生成: d:\CST output\CST 7\dataprepro_phase_shift\reports\phase_shift_report.txt
2026-05-10 21:36:45,893 - INFO - 生成可视化图表...
2026-05-10 21:36:46,421 - INFO - 相位平移可视化已生成
2026-05-10 21:36:46,422 - INFO - ============================================================
2026-05-10 21:36:46,422 - INFO - 相位平移数据预处理完成!
2026-05-10 21:36:46,422 - INFO - 所有数据已保存到: d:\CST output\CST 7\dataprepro_phase_shift
2026-05-10 21:36:46,422 - INFO - ============================================================
