2026-05-20 16:34:04,462 - INFO - ============================================================
2026-05-20 16:34:04,462 - INFO - 开始模型训练流程
2026-05-20 16:34:04,464 - INFO - ============================================================
2026-05-20 16:34:04,464 - INFO - 加载数据集...
2026-05-20 16:34:04,485 - INFO - 数据集加载完成: 训练集=3247, 验证集=812, 测试集=1
2026-05-20 16:34:04,485 - INFO - 准备数据加载器...
2026-05-20 16:34:04,502 - INFO - 数据加载器准备完成: batch_size=64
2026-05-20 16:34:04,502 - INFO - 创建模型: 输入维度=751
2026-05-20 16:34:04,540 - INFO - 训练模型...
2026-05-20 16:34:04,750 - INFO - 使用设备: cuda
2026-05-20 16:34:05,547 - INFO - 开始训练模型...
2026-05-20 16:34:06,418 - INFO - Epoch 1/600: 
2026-05-20 16:34:06,419 - INFO -   训练损失: 0.314359, 训练MAE: 0.377260
2026-05-20 16:34:06,419 - INFO -   验证损失: 0.467582, 验证MAE: 0.594061
2026-05-20 16:34:06,901 - INFO - Epoch 2/600: 
2026-05-20 16:34:06,901 - INFO -   训练损失: 0.119200, 训练MAE: 0.209408
2026-05-20 16:34:06,901 - INFO -   验证损失: 2.031684, 验证MAE: 1.389565
2026-05-20 16:34:07,314 - INFO - Epoch 3/600: 
2026-05-20 16:34:07,314 - INFO -   训练损失: 0.068122, 训练MAE: 0.160169
2026-05-20 16:34:07,315 - INFO -   验证损失: 0.326413, 验证MAE: 0.495106
2026-05-20 16:34:07,767 - INFO - Epoch 4/600: 
2026-05-20 16:34:07,767 - INFO -   训练损失: 0.055701, 训练MAE: 0.139185
2026-05-20 16:34:07,767 - INFO -   验证损失: 0.305792, 验证MAE: 0.485687
2026-05-20 16:34:08,315 - INFO - Epoch 5/600: 
2026-05-20 16:34:08,315 - INFO -   训练损失: 0.052228, 训练MAE: 0.131198
2026-05-20 16:34:08,315 - INFO -   验证损失: 0.405433, 验证MAE: 0.570030
2026-05-20 16:34:08,830 - INFO - Epoch 6/600: 
2026-05-20 16:34:08,831 - INFO -   训练损失: 0.048590, 训练MAE: 0.118060
2026-05-20 16:34:08,831 - INFO -   验证损失: 0.392443, 验证MAE: 0.561832
2026-05-20 16:34:09,347 - INFO - Epoch 7/600: 
2026-05-20 16:34:09,347 - INFO -   训练损失: 0.042368, 训练MAE: 0.108887
2026-05-20 16:34:09,347 - INFO -   验证损失: 1.326183, 验证MAE: 0.993707
2026-05-20 16:34:09,821 - INFO - Epoch 8/600: 
2026-05-20 16:34:09,821 - INFO -   训练损失: 0.045162, 训练MAE: 0.111656
2026-05-20 16:34:09,821 - INFO -   验证损失: 0.186017, 验证MAE: 0.324152
2026-05-20 16:34:10,359 - INFO - Epoch 9/600: 
2026-05-20 16:34:10,360 - INFO -   训练损失: 0.046329, 训练MAE: 0.107318
2026-05-20 16:34:10,360 - INFO -   验证损失: 0.508005, 验证MAE: 0.623621
2026-05-20 16:34:10,821 - INFO - Epoch 10/600: 
2026-05-20 16:34:10,822 - INFO -   训练损失: 0.040466, 训练MAE: 0.103300
2026-05-20 16:34:10,822 - INFO -   验证损失: 0.298026, 验证MAE: 0.463751
2026-05-20 16:34:10,878 - INFO - 检查点保存到: d:\CST output\CST 7\checkpoints\model_epoch_10.pth
2026-05-20 16:34:11,300 - INFO - Epoch 11/600: 
2026-05-20 16:34:11,301 - INFO -   训练损失: 0.027036, 训练MAE: 0.099232
2026-05-20 16:34:11,301 - INFO -   验证损失: 0.842835, 验证MAE: 0.766181
2026-05-20 16:34:11,698 - INFO - Epoch 12/600: 
2026-05-20 16:34:11,698 - INFO -   训练损失: 0.019281, 训练MAE: 0.090581
2026-05-20 16:34:11,698 - INFO -   验证损失: 0.337541, 验证MAE: 0.505547
2026-05-20 16:34:12,092 - INFO - Epoch 13/600: 
2026-05-20 16:34:12,092 - INFO -   训练损失: 0.016891, 训练MAE: 0.083526
2026-05-20 16:34:12,092 - INFO -   验证损失: 0.190810, 验证MAE: 0.364263
2026-05-20 16:34:12,490 - INFO - Epoch 14/600: 
2026-05-20 16:34:12,490 - INFO -   训练损失: 0.016291, 训练MAE: 0.080671
2026-05-20 16:34:12,490 - INFO -   验证损失: 0.163858, 验证MAE: 0.334647
2026-05-20 16:34:12,947 - INFO - Epoch 15/600: 
2026-05-20 16:34:12,947 - INFO -   训练损失: 0.014947, 训练MAE: 0.077688
2026-05-20 16:34:12,947 - INFO -   验证损失: 0.394638, 验证MAE: 0.562315
2026-05-20 16:34:13,344 - INFO - Epoch 16/600: 
2026-05-20 16:34:13,344 - INFO -   训练损失: 0.012746, 训练MAE: 0.073168
2026-05-20 16:34:13,344 - INFO -   验证损失: 0.388359, 验证MAE: 0.561529
2026-05-20 16:34:13,737 - INFO - Epoch 17/600: 
2026-05-20 16:34:13,737 - INFO -   训练损失: 0.012763, 训练MAE: 0.072084
2026-05-20 16:34:13,737 - INFO -   验证损失: 0.342637, 验证MAE: 0.499077
2026-05-20 16:34:14,133 - INFO - Epoch 18/600: 
2026-05-20 16:34:14,133 - INFO -   训练损失: 0.011601, 训练MAE: 0.069374
2026-05-20 16:34:14,133 - INFO -   验证损失: 0.401138, 验证MAE: 0.567415
2026-05-20 16:34:14,558 - INFO - Epoch 19/600: 
2026-05-20 16:34:14,559 - INFO -   训练损失: 0.013082, 训练MAE: 0.073991
2026-05-20 16:34:14,559 - INFO -   验证损失: 0.371112, 验证MAE: 0.536584
2026-05-20 16:34:14,952 - INFO - Epoch 20/600: 
2026-05-20 16:34:14,953 - INFO -   训练损失: 0.012123, 训练MAE: 0.069394
2026-05-20 16:34:14,953 - INFO -   验证损失: 0.086621, 验证MAE: 0.240901
2026-05-20 16:34:15,005 - INFO - 检查点保存到: d:\CST output\CST 7\checkpoints\model_epoch_20.pth
2026-05-20 16:34:15,451 - INFO - Epoch 21/600: 
2026-05-20 16:34:15,451 - INFO -   训练损失: 0.011707, 训练MAE: 0.070211
2026-05-20 16:34:15,451 - INFO -   验证损失: 0.078326, 验证MAE: 0.204772
2026-05-20 16:34:15,899 - INFO - Epoch 22/600: 
2026-05-20 16:34:15,899 - INFO -   训练损失: 0.011027, 训练MAE: 0.067589
2026-05-20 16:34:15,899 - INFO -   验证损失: 0.322406, 验证MAE: 0.494884
2026-05-20 16:34:16,294 - INFO - Epoch 23/600: 
2026-05-20 16:34:16,294 - INFO -   训练损失: 0.010091, 训练MAE: 0.063638
2026-05-20 16:34:16,294 - INFO -   验证损失: 0.099212, 验证MAE: 0.257564
2026-05-20 16:34:16,689 - INFO - Epoch 24/600: 
2026-05-20 16:34:16,689 - INFO -   训练损失: 0.010808, 训练MAE: 0.064170
2026-05-20 16:34:16,689 - INFO -   验证损失: 0.161225, 验证MAE: 0.330337
2026-05-20 16:34:17,102 - INFO - Epoch 25/600: 
2026-05-20 16:34:17,105 - INFO -   训练损失: 0.010148, 训练MAE: 0.062341
2026-05-20 16:34:17,105 - INFO -   验证损失: 0.389706, 验证MAE: 0.557297
2026-05-20 16:34:17,493 - INFO - Epoch 26/600: 
2026-05-20 16:34:17,493 - INFO -   训练损失: 0.011227, 训练MAE: 0.065060
2026-05-20 16:34:17,493 - INFO -   验证损失: 0.380014, 验证MAE: 0.542099
2026-05-20 16:34:17,904 - INFO - Epoch 27/600: 
2026-05-20 16:34:17,904 - INFO -   训练损失: 0.010249, 训练MAE: 0.064497
2026-05-20 16:34:17,904 - INFO -   验证损失: 0.214370, 验证MAE: 0.387313
2026-05-20 16:34:18,302 - INFO - 学习率从 0.00030000 调整为 0.00018000
2026-05-20 16:34:18,302 - INFO - Epoch 28/600: 
2026-05-20 16:34:18,302 - INFO -   训练损失: 0.009492, 训练MAE: 0.062049
2026-05-20 16:34:18,302 - INFO -   验证损失: 0.371803, 验证MAE: 0.529982
2026-05-20 16:34:18,693 - INFO - Epoch 29/600: 
2026-05-20 16:34:18,693 - INFO -   训练损失: 0.007920, 训练MAE: 0.055533
2026-05-20 16:34:18,693 - INFO -   验证损失: 0.179319, 验证MAE: 0.340008
2026-05-20 16:34:19,081 - INFO - Epoch 30/600: 
2026-05-20 16:34:19,082 - INFO -   训练损失: 0.008419, 训练MAE: 0.056674
2026-05-20 16:34:19,082 - INFO -   验证损失: 0.152576, 验证MAE: 0.310411
2026-05-20 16:34:19,136 - INFO - 检查点保存到: d:\CST output\CST 7\checkpoints\model_epoch_30.pth
2026-05-20 16:34:19,555 - INFO - Epoch 31/600: 
2026-05-20 16:34:19,555 - INFO -   训练损失: 0.008449, 训练MAE: 0.054936
2026-05-20 16:34:19,555 - INFO -   验证损失: 0.111639, 验证MAE: 0.240380
2026-05-20 16:34:19,970 - INFO - Epoch 32/600: 
2026-05-20 16:34:19,970 - INFO -   训练损失: 0.010115, 训练MAE: 0.058634
2026-05-20 16:34:19,970 - INFO -   验证损失: 0.074627, 验证MAE: 0.205280
2026-05-20 16:34:20,515 - INFO - Epoch 33/600: 
2026-05-20 16:34:20,516 - INFO -   训练损失: 0.008544, 训练MAE: 0.056279
2026-05-20 16:34:20,516 - INFO -   验证损失: 0.127891, 验证MAE: 0.269200
2026-05-20 16:34:20,973 - INFO - Epoch 34/600: 
2026-05-20 16:34:20,973 - INFO -   训练损失: 0.006691, 训练MAE: 0.052062
2026-05-20 16:34:20,973 - INFO -   验证损失: 0.123341, 验证MAE: 0.253436
2026-05-20 16:34:21,437 - INFO - Epoch 35/600: 
2026-05-20 16:34:21,437 - INFO -   训练损失: 0.006594, 训练MAE: 0.052147
2026-05-20 16:34:21,437 - INFO -   验证损失: 0.191382, 验证MAE: 0.366415
2026-05-20 16:34:21,868 - INFO - Epoch 36/600: 
2026-05-20 16:34:21,868 - INFO -   训练损失: 0.006865, 训练MAE: 0.052329
2026-05-20 16:34:21,868 - INFO -   验证损失: 0.080807, 验证MAE: 0.208627
2026-05-20 16:34:22,288 - INFO - Epoch 37/600: 
2026-05-20 16:34:22,288 - INFO -   训练损失: 0.006751, 训练MAE: 0.051943
2026-05-20 16:34:22,288 - INFO -   验证损失: 0.123138, 验证MAE: 0.249079
2026-05-20 16:34:22,693 - INFO - Epoch 38/600: 
2026-05-20 16:34:22,694 - INFO -   训练损失: 0.005397, 训练MAE: 0.047722
2026-05-20 16:34:22,694 - INFO -   验证损失: 0.241544, 验证MAE: 0.403990
2026-05-20 16:34:23,111 - INFO - Epoch 39/600: 
2026-05-20 16:34:23,111 - INFO -   训练损失: 0.007225, 训练MAE: 0.052237
2026-05-20 16:34:23,111 - INFO -   验证损失: 0.070048, 验证MAE: 0.205701
2026-05-20 16:34:23,561 - INFO - Epoch 40/600: 
2026-05-20 16:34:23,561 - INFO -   训练损失: 0.007269, 训练MAE: 0.052113
2026-05-20 16:34:23,561 - INFO -   验证损失: 0.099815, 验证MAE: 0.228809
2026-05-20 16:34:23,613 - INFO - 检查点保存到: d:\CST output\CST 7\checkpoints\model_epoch_40.pth
2026-05-20 16:34:24,001 - INFO - Epoch 41/600: 
2026-05-20 16:34:24,001 - INFO -   训练损失: 0.006666, 训练MAE: 0.047921
2026-05-20 16:34:24,002 - INFO -   验证损失: 0.112706, 验证MAE: 0.236456
2026-05-20 16:34:24,387 - INFO - Epoch 42/600: 
2026-05-20 16:34:24,387 - INFO -   训练损失: 0.006680, 训练MAE: 0.049348
2026-05-20 16:34:24,387 - INFO -   验证损失: 0.114226, 验证MAE: 0.267207
2026-05-20 16:34:24,779 - INFO - Epoch 43/600: 
2026-05-20 16:34:24,779 - INFO -   训练损失: 0.006737, 训练MAE: 0.048531
2026-05-20 16:34:24,779 - INFO -   验证损失: 0.162547, 验证MAE: 0.323520
2026-05-20 16:34:25,167 - INFO - Epoch 44/600: 
2026-05-20 16:34:25,167 - INFO -   训练损失: 0.006332, 训练MAE: 0.047174
2026-05-20 16:34:25,167 - INFO -   验证损失: 0.089153, 验证MAE: 0.225495
2026-05-20 16:34:25,554 - INFO - Epoch 45/600: 
2026-05-20 16:34:25,554 - INFO -   训练损失: 0.006549, 训练MAE: 0.047842
2026-05-20 16:34:25,554 - INFO -   验证损失: 0.394855, 验证MAE: 0.561209
2026-05-20 16:34:25,957 - INFO - 学习率从 0.00018000 调整为 0.00010800
2026-05-20 16:34:25,957 - INFO - Epoch 46/600: 
2026-05-20 16:34:25,957 - INFO -   训练损失: 0.005815, 训练MAE: 0.047145
2026-05-20 16:34:25,957 - INFO -   验证损失: 0.077814, 验证MAE: 0.228151
2026-05-20 16:34:26,357 - INFO - Epoch 47/600: 
2026-05-20 16:34:26,357 - INFO -   训练损失: 0.006669, 训练MAE: 0.049635
2026-05-20 16:34:26,357 - INFO -   验证损失: 0.306770, 验证MAE: 0.478652
2026-05-20 16:34:26,749 - INFO - Epoch 48/600: 
2026-05-20 16:34:26,749 - INFO -   训练损失: 0.006545, 训练MAE: 0.047176
2026-05-20 16:34:26,749 - INFO -   验证损失: 0.060593, 验证MAE: 0.177731
2026-05-20 16:34:27,247 - INFO - Epoch 49/600: 
2026-05-20 16:34:27,247 - INFO -   训练损失: 0.004533, 训练MAE: 0.042065
2026-05-20 16:34:27,247 - INFO -   验证损失: 0.087972, 验证MAE: 0.197043
2026-05-20 16:34:27,679 - INFO - Epoch 50/600: 
2026-05-20 16:34:27,679 - INFO -   训练损失: 0.005138, 训练MAE: 0.043627
2026-05-20 16:34:27,679 - INFO -   验证损失: 0.067974, 验证MAE: 0.193596
2026-05-20 16:34:27,734 - INFO - 检查点保存到: d:\CST output\CST 7\checkpoints\model_epoch_50.pth
2026-05-20 16:34:28,159 - INFO - Epoch 51/600: 
2026-05-20 16:34:28,159 - INFO -   训练损失: 0.004808, 训练MAE: 0.042661
2026-05-20 16:34:28,159 - INFO -   验证损失: 0.112990, 验证MAE: 0.233078
2026-05-20 16:34:28,603 - INFO - Epoch 52/600: 
2026-05-20 16:34:28,603 - INFO -   训练损失: 0.005400, 训练MAE: 0.043865
2026-05-20 16:34:28,603 - INFO -   验证损失: 0.062848, 验证MAE: 0.190718
2026-05-20 16:34:29,054 - INFO - Epoch 53/600: 
2026-05-20 16:34:29,054 - INFO -   训练损失: 0.005033, 训练MAE: 0.043532
2026-05-20 16:34:29,054 - INFO -   验证损失: 0.120636, 验证MAE: 0.243497
2026-05-20 16:34:29,532 - INFO - Epoch 54/600: 
2026-05-20 16:34:29,532 - INFO -   训练损失: 0.004960, 训练MAE: 0.042851
2026-05-20 16:34:29,532 - INFO -   验证损失: 0.066387, 验证MAE: 0.157222
2026-05-20 16:34:29,998 - INFO - 学习率从 0.00010800 调整为 0.00006480
2026-05-20 16:34:29,998 - INFO - Epoch 55/600: 
2026-05-20 16:34:29,999 - INFO -   训练损失: 0.005088, 训练MAE: 0.044492
2026-05-20 16:34:29,999 - INFO -   验证损失: 0.116715, 验证MAE: 0.246816
2026-05-20 16:34:30,451 - INFO - Epoch 56/600: 
2026-05-20 16:34:30,452 - INFO -   训练损失: 0.004606, 训练MAE: 0.041402
2026-05-20 16:34:30,452 - INFO -   验证损失: 0.058886, 验证MAE: 0.171154
2026-05-20 16:34:30,957 - INFO - Epoch 57/600: 
2026-05-20 16:34:30,957 - INFO -   训练损失: 0.004460, 训练MAE: 0.041453
2026-05-20 16:34:30,957 - INFO -   验证损失: 0.108451, 验证MAE: 0.227384
2026-05-20 16:34:31,414 - INFO - Epoch 58/600: 
2026-05-20 16:34:31,415 - INFO -   训练损失: 0.003712, 训练MAE: 0.038971
2026-05-20 16:34:31,415 - INFO -   验证损失: 0.059243, 验证MAE: 0.185653
2026-05-20 16:34:31,853 - INFO - Epoch 59/600: 
2026-05-20 16:34:31,853 - INFO -   训练损失: 0.004463, 训练MAE: 0.041845
2026-05-20 16:34:31,854 - INFO -   验证损失: 0.092448, 验证MAE: 0.200021
2026-05-20 16:34:32,319 - INFO - Epoch 60/600: 
2026-05-20 16:34:32,320 - INFO -   训练损失: 0.004472, 训练MAE: 0.039516
2026-05-20 16:34:32,320 - INFO -   验证损失: 0.042970, 验证MAE: 0.133110
2026-05-20 16:34:32,376 - INFO - 检查点保存到: d:\CST output\CST 7\checkpoints\model_epoch_60.pth
2026-05-20 16:34:32,889 - INFO - Epoch 61/600: 
2026-05-20 16:34:32,890 - INFO -   训练损失: 0.004360, 训练MAE: 0.039270
2026-05-20 16:34:32,890 - INFO -   验证损失: 0.092705, 验证MAE: 0.206429
2026-05-20 16:34:33,347 - INFO - Epoch 62/600: 
2026-05-20 16:34:33,347 - INFO -   训练损失: 0.004412, 训练MAE: 0.039106
2026-05-20 16:34:33,347 - INFO -   验证损失: 0.041122, 验证MAE: 0.146075
2026-05-20 16:34:33,844 - INFO - Epoch 63/600: 
2026-05-20 16:34:33,844 - INFO -   训练损失: 0.003986, 训练MAE: 0.039105
2026-05-20 16:34:33,844 - INFO -   验证损失: 0.064773, 验证MAE: 0.161264
2026-05-20 16:34:34,260 - INFO - Epoch 64/600: 
2026-05-20 16:34:34,260 - INFO -   训练损失: 0.004126, 训练MAE: 0.040363
2026-05-20 16:34:34,260 - INFO -   验证损失: 0.055376, 验证MAE: 0.143628
2026-05-20 16:34:34,675 - INFO - Epoch 65/600: 
2026-05-20 16:34:34,675 - INFO -   训练损失: 0.004331, 训练MAE: 0.040688
2026-05-20 16:34:34,675 - INFO -   验证损失: 0.123323, 验证MAE: 0.243778
2026-05-20 16:34:35,141 - INFO - Epoch 66/600: 
2026-05-20 16:34:35,141 - INFO -   训练损失: 0.004650, 训练MAE: 0.040903
2026-05-20 16:34:35,141 - INFO -   验证损失: 0.109520, 验证MAE: 0.230567
2026-05-20 16:34:35,564 - INFO - Epoch 67/600: 
2026-05-20 16:34:35,564 - INFO -   训练损失: 0.004012, 训练MAE: 0.039297
2026-05-20 16:34:35,565 - INFO -   验证损失: 0.086070, 验证MAE: 0.196510
2026-05-20 16:34:35,974 - INFO - Epoch 68/600: 
2026-05-20 16:34:35,974 - INFO -   训练损失: 0.004179, 训练MAE: 0.040286
2026-05-20 16:34:35,974 - INFO -   验证损失: 0.109214, 验证MAE: 0.229689
2026-05-20 16:34:36,393 - INFO - 学习率从 0.00006480 调整为 0.00003888
2026-05-20 16:34:36,393 - INFO - Epoch 69/600: 
2026-05-20 16:34:36,393 - INFO -   训练损失: 0.004083, 训练MAE: 0.038374
2026-05-20 16:34:36,393 - INFO -   验证损失: 0.073293, 验证MAE: 0.190349
2026-05-20 16:34:36,818 - INFO - Epoch 70/600: 
2026-05-20 16:34:36,818 - INFO -   训练损失: 0.003893, 训练MAE: 0.036954
2026-05-20 16:34:36,818 - INFO -   验证损失: 0.072487, 验证MAE: 0.172343
2026-05-20 16:34:36,873 - INFO - 检查点保存到: d:\CST output\CST 7\checkpoints\model_epoch_70.pth
2026-05-20 16:34:37,337 - INFO - Epoch 71/600: 
2026-05-20 16:34:37,337 - INFO -   训练损失: 0.003411, 训练MAE: 0.037456
2026-05-20 16:34:37,337 - INFO -   验证损失: 0.066039, 验证MAE: 0.185714
2026-05-20 16:34:37,780 - INFO - Epoch 72/600: 
2026-05-20 16:34:37,780 - INFO -   训练损失: 0.003797, 训练MAE: 0.037574
2026-05-20 16:34:37,780 - INFO -   验证损失: 0.030192, 验证MAE: 0.112382
2026-05-20 16:34:38,273 - INFO - Epoch 73/600: 
2026-05-20 16:34:38,273 - INFO -   训练损失: 0.004189, 训练MAE: 0.039886
2026-05-20 16:34:38,273 - INFO -   验证损失: 0.060923, 验证MAE: 0.146431
2026-05-20 16:34:38,679 - INFO - Epoch 74/600: 
2026-05-20 16:34:38,679 - INFO -   训练损失: 0.004723, 训练MAE: 0.039468
2026-05-20 16:34:38,679 - INFO -   验证损失: 0.021413, 验证MAE: 0.090055
2026-05-20 16:34:39,128 - INFO - Epoch 75/600: 
2026-05-20 16:34:39,128 - INFO -   训练损失: 0.003308, 训练MAE: 0.037055
2026-05-20 16:34:39,128 - INFO -   验证损失: 0.101927, 验证MAE: 0.227053
2026-05-20 16:34:39,543 - INFO - Epoch 76/600: 
2026-05-20 16:34:39,543 - INFO -   训练损失: 0.003532, 训练MAE: 0.037146
2026-05-20 16:34:39,543 - INFO -   验证损失: 0.041381, 验证MAE: 0.128840
2026-05-20 16:34:39,945 - INFO - Epoch 77/600: 
2026-05-20 16:34:39,945 - INFO -   训练损失: 0.004229, 训练MAE: 0.037916
2026-05-20 16:34:39,945 - INFO -   验证损失: 0.078951, 验证MAE: 0.175741
2026-05-20 16:34:40,337 - INFO - Epoch 78/600: 
2026-05-20 16:34:40,337 - INFO -   训练损失: 0.004137, 训练MAE: 0.038616
2026-05-20 16:34:40,337 - INFO -   验证损失: 0.055384, 验证MAE: 0.151912
2026-05-20 16:34:40,752 - INFO - Epoch 79/600: 
2026-05-20 16:34:40,753 - INFO -   训练损失: 0.004204, 训练MAE: 0.039336
2026-05-20 16:34:40,753 - INFO -   验证损失: 0.096931, 验证MAE: 0.209617
2026-05-20 16:34:41,177 - INFO - Epoch 80/600: 
2026-05-20 16:34:41,178 - INFO -   训练损失: 0.003178, 训练MAE: 0.036542
2026-05-20 16:34:41,178 - INFO -   验证损失: 0.010112, 验证MAE: 0.063010
2026-05-20 16:34:41,230 - INFO - 检查点保存到: d:\CST output\CST 7\checkpoints\model_epoch_80.pth
2026-05-20 16:34:41,709 - INFO - Epoch 81/600: 
2026-05-20 16:34:41,710 - INFO -   训练损失: 0.003463, 训练MAE: 0.036293
2026-05-20 16:34:41,710 - INFO -   验证损失: 0.017243, 验证MAE: 0.090200
2026-05-20 16:34:42,123 - INFO - Epoch 82/600: 
2026-05-20 16:34:42,123 - INFO -   训练损失: 0.003730, 训练MAE: 0.037329
2026-05-20 16:34:42,124 - INFO -   验证损失: 0.055767, 验证MAE: 0.137263
2026-05-20 16:34:42,582 - INFO - Epoch 83/600: 
2026-05-20 16:34:42,582 - INFO -   训练损失: 0.003779, 训练MAE: 0.036986
2026-05-20 16:34:42,582 - INFO -   验证损失: 0.066415, 验证MAE: 0.165270
2026-05-20 16:34:43,032 - INFO - Epoch 84/600: 
2026-05-20 16:34:43,032 - INFO -   训练损失: 0.003648, 训练MAE: 0.036937
2026-05-20 16:34:43,032 - INFO -   验证损失: 0.097615, 验证MAE: 0.209076
2026-05-20 16:34:43,455 - INFO - Epoch 85/600: 
2026-05-20 16:34:43,455 - INFO -   训练损失: 0.003261, 训练MAE: 0.035311
2026-05-20 16:34:43,455 - INFO -   验证损失: 0.018678, 验证MAE: 0.080508
2026-05-20 16:34:43,855 - INFO - Epoch 86/600: 
2026-05-20 16:34:43,855 - INFO -   训练损失: 0.003615, 训练MAE: 0.036657
2026-05-20 16:34:43,855 - INFO -   验证损失: 0.078717, 验证MAE: 0.172246
2026-05-20 16:34:44,253 - INFO - 学习率从 0.00003888 调整为 0.00002333
2026-05-20 16:34:44,254 - INFO - Epoch 87/600: 
2026-05-20 16:34:44,254 - INFO -   训练损失: 0.003039, 训练MAE: 0.034544
2026-05-20 16:34:44,254 - INFO -   验证损失: 0.021848, 验证MAE: 0.106113
2026-05-20 16:34:44,674 - INFO - Epoch 88/600: 
2026-05-20 16:34:44,674 - INFO -   训练损失: 0.003154, 训练MAE: 0.036298
2026-05-20 16:34:44,674 - INFO -   验证损失: 0.030356, 验证MAE: 0.110397
2026-05-20 16:34:45,090 - INFO - Epoch 89/600: 
2026-05-20 16:34:45,090 - INFO -   训练损失: 0.003381, 训练MAE: 0.037142
2026-05-20 16:34:45,090 - INFO -   验证损失: 0.050520, 验证MAE: 0.124439
2026-05-20 16:34:45,519 - INFO - Epoch 90/600: 
2026-05-20 16:34:45,519 - INFO -   训练损失: 0.003411, 训练MAE: 0.036158
2026-05-20 16:34:45,519 - INFO -   验证损失: 0.014204, 验证MAE: 0.075549
2026-05-20 16:34:45,577 - INFO - 检查点保存到: d:\CST output\CST 7\checkpoints\model_epoch_90.pth
2026-05-20 16:34:45,976 - INFO - Epoch 91/600: 
2026-05-20 16:34:45,976 - INFO -   训练损失: 0.003424, 训练MAE: 0.036443
2026-05-20 16:34:45,976 - INFO -   验证损失: 0.011101, 验证MAE: 0.067238
2026-05-20 16:34:46,405 - INFO - Epoch 92/600: 
2026-05-20 16:34:46,406 - INFO -   训练损失: 0.003666, 训练MAE: 0.035188
2026-05-20 16:34:46,406 - INFO -   验证损失: 0.037868, 验证MAE: 0.097354
2026-05-20 16:34:46,916 - INFO - Epoch 93/600: 
2026-05-20 16:34:46,916 - INFO -   训练损失: 0.003494, 训练MAE: 0.035176
2026-05-20 16:34:46,917 - INFO -   验证损失: 0.008202, 验证MAE: 0.059028
2026-05-20 16:34:47,461 - INFO - Epoch 94/600: 
2026-05-20 16:34:47,461 - INFO -   训练损失: 0.002821, 训练MAE: 0.034616
2026-05-20 16:34:47,462 - INFO -   验证损失: 0.020321, 验证MAE: 0.094886
2026-05-20 16:34:47,908 - INFO - Epoch 95/600: 
2026-05-20 16:34:47,908 - INFO -   训练损失: 0.003336, 训练MAE: 0.035838
2026-05-20 16:34:47,908 - INFO -   验证损失: 0.062623, 验证MAE: 0.144533
2026-05-20 16:34:48,333 - INFO - Epoch 96/600: 
2026-05-20 16:34:48,333 - INFO -   训练损失: 0.004149, 训练MAE: 0.036334
2026-05-20 16:34:48,333 - INFO -   验证损失: 0.029702, 验证MAE: 0.106526
2026-05-20 16:34:48,735 - INFO - Epoch 97/600: 
2026-05-20 16:34:48,735 - INFO -   训练损失: 0.003121, 训练MAE: 0.035255
2026-05-20 16:34:48,735 - INFO -   验证损失: 0.006309, 验证MAE: 0.058348
2026-05-20 16:34:49,215 - INFO - Epoch 98/600: 
2026-05-20 16:34:49,215 - INFO -   训练损失: 0.003077, 训练MAE: 0.034359
2026-05-20 16:34:49,216 - INFO -   验证损失: 0.060854, 验证MAE: 0.149120
2026-05-20 16:34:49,663 - INFO - Epoch 99/600: 
2026-05-20 16:34:49,663 - INFO -   训练损失: 0.003476, 训练MAE: 0.034999
2026-05-20 16:34:49,663 - INFO -   验证损失: 0.022066, 验证MAE: 0.081680
2026-05-20 16:34:50,075 - INFO - Epoch 100/600: 
2026-05-20 16:34:50,075 - INFO -   训练损失: 0.003594, 训练MAE: 0.035223
2026-05-20 16:34:50,075 - INFO -   验证损失: 0.019192, 验证MAE: 0.087821
2026-05-20 16:34:50,130 - INFO - 检查点保存到: d:\CST output\CST 7\checkpoints\model_epoch_100.pth
2026-05-20 16:34:50,567 - INFO - Epoch 101/600: 
2026-05-20 16:34:50,567 - INFO -   训练损失: 0.003060, 训练MAE: 0.034829
2026-05-20 16:34:50,567 - INFO -   验证损失: 0.073719, 验证MAE: 0.168740
2026-05-20 16:34:51,027 - INFO - Epoch 102/600: 
2026-05-20 16:34:51,027 - INFO -   训练损失: 0.003110, 训练MAE: 0.034803
2026-05-20 16:34:51,027 - INFO -   验证损失: 0.023507, 验证MAE: 0.088497
2026-05-20 16:34:51,429 - INFO - Epoch 103/600: 
2026-05-20 16:34:51,429 - INFO -   训练损失: 0.003589, 训练MAE: 0.037028
2026-05-20 16:34:51,429 - INFO -   验证损失: 0.025645, 验证MAE: 0.094103
2026-05-20 16:34:51,853 - INFO - 学习率从 0.00002333 调整为 0.00001400
2026-05-20 16:34:51,853 - INFO - Epoch 104/600: 
2026-05-20 16:34:51,853 - INFO -   训练损失: 0.003559, 训练MAE: 0.035558
2026-05-20 16:34:51,854 - INFO -   验证损失: 0.006392, 验证MAE: 0.052730
2026-05-20 16:34:52,344 - INFO - Epoch 105/600: 
2026-05-20 16:34:52,344 - INFO -   训练损失: 0.003302, 训练MAE: 0.035312
2026-05-20 16:34:52,345 - INFO -   验证损失: 0.009499, 验证MAE: 0.064592
2026-05-20 16:34:52,840 - INFO - Epoch 106/600: 
2026-05-20 16:34:52,840 - INFO -   训练损失: 0.002985, 训练MAE: 0.034602
2026-05-20 16:34:52,840 - INFO -   验证损失: 0.006785, 验证MAE: 0.051823
2026-05-20 16:34:53,379 - INFO - Epoch 107/600: 
2026-05-20 16:34:53,380 - INFO -   训练损失: 0.002770, 训练MAE: 0.034551
2026-05-20 16:34:53,380 - INFO -   验证损失: 0.001964, 验证MAE: 0.026942
2026-05-20 16:34:53,936 - INFO - Epoch 108/600: 
2026-05-20 16:34:53,936 - INFO -   训练损失: 0.003128, 训练MAE: 0.034676
2026-05-20 16:34:53,936 - INFO -   验证损失: 0.010904, 验证MAE: 0.068266
2026-05-20 16:34:54,412 - INFO - Epoch 109/600: 
2026-05-20 16:34:54,412 - INFO -   训练损失: 0.003071, 训练MAE: 0.034696
2026-05-20 16:34:54,412 - INFO -   验证损失: 0.005485, 验证MAE: 0.048563
2026-05-20 16:34:54,891 - INFO - Epoch 110/600: 
2026-05-20 16:34:54,891 - INFO -   训练损失: 0.003533, 训练MAE: 0.034110
2026-05-20 16:34:54,891 - INFO -   验证损失: 0.034246, 验证MAE: 0.096284
2026-05-20 16:34:54,954 - INFO - 检查点保存到: d:\CST output\CST 7\checkpoints\model_epoch_110.pth
2026-05-20 16:34:55,405 - INFO - Epoch 111/600: 
2026-05-20 16:34:55,405 - INFO -   训练损失: 0.003759, 训练MAE: 0.035679
2026-05-20 16:34:55,405 - INFO -   验证损失: 0.003940, 验证MAE: 0.040152
2026-05-20 16:34:55,841 - INFO - Epoch 112/600: 
2026-05-20 16:34:55,841 - INFO -   训练损失: 0.003002, 训练MAE: 0.034410
2026-05-20 16:34:55,841 - INFO -   验证损失: 0.003242, 验证MAE: 0.037711
2026-05-20 16:34:56,282 - INFO - Epoch 113/600: 
2026-05-20 16:34:56,282 - INFO -   训练损失: 0.002772, 训练MAE: 0.033466
2026-05-20 16:34:56,282 - INFO -   验证损失: 0.004048, 验证MAE: 0.037156
2026-05-20 16:34:56,716 - INFO - 学习率从 0.00001400 调整为 0.00000840
2026-05-20 16:34:56,717 - INFO - Epoch 114/600: 
2026-05-20 16:34:56,717 - INFO -   训练损失: 0.002671, 训练MAE: 0.032819
2026-05-20 16:34:56,717 - INFO -   验证损失: 0.003535, 验证MAE: 0.037130
2026-05-20 16:34:57,145 - INFO - Epoch 115/600: 
2026-05-20 16:34:57,146 - INFO -   训练损失: 0.003104, 训练MAE: 0.034647
2026-05-20 16:34:57,146 - INFO -   验证损失: 0.002727, 验证MAE: 0.033664
2026-05-20 16:34:57,573 - INFO - Epoch 116/600: 
2026-05-20 16:34:57,573 - INFO -   训练损失: 0.003502, 训练MAE: 0.035466
2026-05-20 16:34:57,573 - INFO -   验证损失: 0.004646, 验证MAE: 0.045065
2026-05-20 16:34:58,014 - INFO - Epoch 117/600: 
2026-05-20 16:34:58,015 - INFO -   训练损失: 0.002878, 训练MAE: 0.033540
2026-05-20 16:34:58,015 - INFO -   验证损失: 0.003027, 验证MAE: 0.035114
2026-05-20 16:34:58,459 - INFO - Epoch 118/600: 
2026-05-20 16:34:58,459 - INFO -   训练损失: 0.003942, 训练MAE: 0.035554
2026-05-20 16:34:58,459 - INFO -   验证损失: 0.002225, 验证MAE: 0.027375
2026-05-20 16:34:58,886 - INFO - Epoch 119/600: 
2026-05-20 16:34:58,886 - INFO -   训练损失: 0.003550, 训练MAE: 0.034533
2026-05-20 16:34:58,886 - INFO -   验证损失: 0.002444, 验证MAE: 0.031319
2026-05-20 16:34:59,320 - INFO - Epoch 120/600: 
2026-05-20 16:34:59,320 - INFO -   训练损失: 0.002928, 训练MAE: 0.033202
2026-05-20 16:34:59,321 - INFO -   验证损失: 0.002361, 验证MAE: 0.029165
2026-05-20 16:34:59,380 - INFO - 检查点保存到: d:\CST output\CST 7\checkpoints\model_epoch_120.pth
2026-05-20 16:34:59,800 - INFO - 学习率从 0.00000840 调整为 0.00000504
2026-05-20 16:34:59,801 - INFO - Epoch 121/600: 
2026-05-20 16:34:59,801 - INFO -   训练损失: 0.003471, 训练MAE: 0.034245
2026-05-20 16:34:59,801 - INFO -   验证损失: 0.006549, 验证MAE: 0.051873
2026-05-20 16:35:00,197 - INFO - Epoch 122/600: 
2026-05-20 16:35:00,197 - INFO -   训练损失: 0.002911, 训练MAE: 0.033696
2026-05-20 16:35:00,197 - INFO -   验证损失: 0.002162, 验证MAE: 0.028195
2026-05-20 16:35:00,608 - INFO - Epoch 123/600: 
2026-05-20 16:35:00,608 - INFO -   训练损失: 0.002759, 训练MAE: 0.032579
2026-05-20 16:35:00,609 - INFO -   验证损失: 0.002475, 验证MAE: 0.029623
2026-05-20 16:35:01,004 - INFO - Epoch 124/600: 
2026-05-20 16:35:01,005 - INFO -   训练损失: 0.003000, 训练MAE: 0.034284
2026-05-20 16:35:01,005 - INFO -   验证损失: 0.003611, 验证MAE: 0.040189
2026-05-20 16:35:01,388 - INFO - Epoch 125/600: 
2026-05-20 16:35:01,388 - INFO -   训练损失: 0.002756, 训练MAE: 0.033302
2026-05-20 16:35:01,388 - INFO -   验证损失: 0.002262, 验证MAE: 0.028682
2026-05-20 16:35:01,778 - INFO - Epoch 126/600: 
2026-05-20 16:35:01,778 - INFO -   训练损失: 0.003232, 训练MAE: 0.034375
2026-05-20 16:35:01,778 - INFO -   验证损失: 0.002192, 验证MAE: 0.030138
2026-05-20 16:35:02,165 - INFO - Epoch 127/600: 
2026-05-20 16:35:02,165 - INFO -   训练损失: 0.003092, 训练MAE: 0.034195
2026-05-20 16:35:02,165 - INFO -   验证损失: 0.002095, 验证MAE: 0.026713
2026-05-20 16:35:02,554 - INFO - Epoch 128/600: 
2026-05-20 16:35:02,554 - INFO -   训练损失: 0.002822, 训练MAE: 0.033206
2026-05-20 16:35:02,554 - INFO -   验证损失: 0.001939, 验证MAE: 0.027855
2026-05-20 16:35:03,017 - INFO - Epoch 129/600: 
2026-05-20 16:35:03,017 - INFO -   训练损失: 0.002942, 训练MAE: 0.033627
2026-05-20 16:35:03,017 - INFO -   验证损失: 0.001959, 验证MAE: 0.026113
2026-05-20 16:35:03,425 - INFO - Epoch 130/600: 
2026-05-20 16:35:03,426 - INFO -   训练损失: 0.002930, 训练MAE: 0.032610
2026-05-20 16:35:03,426 - INFO -   验证损失: 0.001998, 验证MAE: 0.026369
2026-05-20 16:35:03,478 - INFO - 检查点保存到: d:\CST output\CST 7\checkpoints\model_epoch_130.pth
2026-05-20 16:35:03,876 - INFO - Epoch 131/600: 
2026-05-20 16:35:03,876 - INFO -   训练损失: 0.002725, 训练MAE: 0.032896
2026-05-20 16:35:03,876 - INFO -   验证损失: 0.002836, 验证MAE: 0.034133
2026-05-20 16:35:04,277 - INFO - Epoch 132/600: 
2026-05-20 16:35:04,277 - INFO -   训练损失: 0.003167, 训练MAE: 0.034246
2026-05-20 16:35:04,277 - INFO -   验证损失: 0.002841, 验证MAE: 0.032263
2026-05-20 16:35:04,677 - INFO - Epoch 133/600: 
2026-05-20 16:35:04,677 - INFO -   训练损失: 0.002746, 训练MAE: 0.033681
2026-05-20 16:35:04,677 - INFO -   验证损失: 0.001916, 验证MAE: 0.026499
2026-05-20 16:35:05,132 - INFO - Epoch 134/600: 
2026-05-20 16:35:05,132 - INFO -   训练损失: 0.002959, 训练MAE: 0.033868
2026-05-20 16:35:05,133 - INFO -   验证损失: 0.003204, 验证MAE: 0.033976
2026-05-20 16:35:05,528 - INFO - Epoch 135/600: 
2026-05-20 16:35:05,529 - INFO -   训练损失: 0.002735, 训练MAE: 0.032685
2026-05-20 16:35:05,529 - INFO -   验证损失: 0.002669, 验证MAE: 0.032086
2026-05-20 16:35:05,914 - INFO - Epoch 136/600: 
2026-05-20 16:35:05,914 - INFO -   训练损失: 0.002733, 训练MAE: 0.032840
2026-05-20 16:35:05,914 - INFO -   验证损失: 0.001963, 验证MAE: 0.026194
2026-05-20 16:35:06,303 - INFO - Epoch 137/600: 
2026-05-20 16:35:06,303 - INFO -   训练损失: 0.003591, 训练MAE: 0.034064
2026-05-20 16:35:06,303 - INFO -   验证损失: 0.002083, 验证MAE: 0.027416
2026-05-20 16:35:06,700 - INFO - Epoch 138/600: 
2026-05-20 16:35:06,700 - INFO -   训练损失: 0.003446, 训练MAE: 0.033833
2026-05-20 16:35:06,700 - INFO -   验证损失: 0.002492, 验证MAE: 0.030121
2026-05-20 16:35:07,120 - INFO - Epoch 139/600: 
2026-05-20 16:35:07,120 - INFO -   训练损失: 0.003171, 训练MAE: 0.033719
2026-05-20 16:35:07,120 - INFO -   验证损失: 0.002299, 验证MAE: 0.030147
2026-05-20 16:35:07,512 - INFO - 学习率从 0.00000504 调整为 0.00000302
2026-05-20 16:35:07,512 - INFO - Epoch 140/600: 
2026-05-20 16:35:07,512 - INFO -   训练损失: 0.003197, 训练MAE: 0.033205
2026-05-20 16:35:07,512 - INFO -   验证损失: 0.002317, 验证MAE: 0.031094
2026-05-20 16:35:07,567 - INFO - 检查点保存到: d:\CST output\CST 7\checkpoints\model_epoch_140.pth
2026-05-20 16:35:07,965 - INFO - Epoch 141/600: 
2026-05-20 16:35:07,965 - INFO -   训练损失: 0.004141, 训练MAE: 0.036336
2026-05-20 16:35:07,965 - INFO -   验证损失: 0.002780, 验证MAE: 0.032426
2026-05-20 16:35:08,363 - INFO - Epoch 142/600: 
2026-05-20 16:35:08,363 - INFO -   训练损失: 0.002909, 训练MAE: 0.033438
2026-05-20 16:35:08,363 - INFO -   验证损失: 0.001971, 验证MAE: 0.025630
2026-05-20 16:35:08,769 - INFO - Epoch 143/600: 
2026-05-20 16:35:08,769 - INFO -   训练损失: 0.003350, 训练MAE: 0.033959
2026-05-20 16:35:08,771 - INFO -   验证损失: 0.001837, 验证MAE: 0.023355
2026-05-20 16:35:09,214 - INFO - Epoch 144/600: 
2026-05-20 16:35:09,214 - INFO -   训练损失: 0.002709, 训练MAE: 0.032791
2026-05-20 16:35:09,214 - INFO -   验证损失: 0.001913, 验证MAE: 0.024917
2026-05-20 16:35:09,608 - INFO - Epoch 145/600: 
2026-05-20 16:35:09,608 - INFO -   训练损失: 0.002978, 训练MAE: 0.032741
2026-05-20 16:35:09,608 - INFO -   验证损失: 0.002211, 验证MAE: 0.028362
2026-05-20 16:35:09,996 - INFO - Epoch 146/600: 
2026-05-20 16:35:09,997 - INFO -   训练损失: 0.003154, 训练MAE: 0.033906
2026-05-20 16:35:09,997 - INFO -   验证损失: 0.002029, 验证MAE: 0.026904
2026-05-20 16:35:10,387 - INFO - Epoch 147/600: 
2026-05-20 16:35:10,388 - INFO -   训练损失: 0.002706, 训练MAE: 0.032797
2026-05-20 16:35:10,388 - INFO -   验证损失: 0.001671, 验证MAE: 0.023359
2026-05-20 16:35:10,842 - INFO - Epoch 148/600: 
2026-05-20 16:35:10,842 - INFO -   训练损失: 0.002617, 训练MAE: 0.032860
2026-05-20 16:35:10,843 - INFO -   验证损失: 0.002149, 验证MAE: 0.026484
2026-05-20 16:35:11,249 - INFO - Epoch 149/600: 
2026-05-20 16:35:11,249 - INFO -   训练损失: 0.003488, 训练MAE: 0.033702
2026-05-20 16:35:11,249 - INFO -   验证损失: 0.002121, 验证MAE: 0.028058
2026-05-20 16:35:11,650 - INFO - Epoch 150/600: 
2026-05-20 16:35:11,650 - INFO -   训练损失: 0.003045, 训练MAE: 0.033137
2026-05-20 16:35:11,650 - INFO -   验证损失: 0.002359, 验证MAE: 0.027627
2026-05-20 16:35:11,702 - INFO - 检查点保存到: d:\CST output\CST 7\checkpoints\model_epoch_150.pth
2026-05-20 16:35:12,105 - INFO - Epoch 151/600: 
2026-05-20 16:35:12,105 - INFO -   训练损失: 0.002606, 训练MAE: 0.031854
2026-05-20 16:35:12,105 - INFO -   验证损失: 0.001974, 验证MAE: 0.026332
2026-05-20 16:35:12,518 - INFO - Epoch 152/600: 
2026-05-20 16:35:12,518 - INFO -   训练损失: 0.002875, 训练MAE: 0.033816
2026-05-20 16:35:12,518 - INFO -   验证损失: 0.001934, 验证MAE: 0.025623
2026-05-20 16:35:12,927 - INFO - Epoch 153/600: 
2026-05-20 16:35:12,928 - INFO -   训练损失: 0.002976, 训练MAE: 0.033343
2026-05-20 16:35:12,928 - INFO -   验证损失: 0.002146, 验证MAE: 0.028420
2026-05-20 16:35:13,321 - INFO - 学习率从 0.00000302 调整为 0.00000181
2026-05-20 16:35:13,321 - INFO - Epoch 154/600: 
2026-05-20 16:35:13,321 - INFO -   训练损失: 0.002615, 训练MAE: 0.031831
2026-05-20 16:35:13,321 - INFO -   验证损失: 0.002110, 验证MAE: 0.028376
2026-05-20 16:35:13,724 - INFO - Epoch 155/600: 
2026-05-20 16:35:13,724 - INFO -   训练损失: 0.003133, 训练MAE: 0.032998
2026-05-20 16:35:13,724 - INFO -   验证损失: 0.002505, 验证MAE: 0.030120
2026-05-20 16:35:14,121 - INFO - Epoch 156/600: 
2026-05-20 16:35:14,121 - INFO -   训练损失: 0.002921, 训练MAE: 0.033432
2026-05-20 16:35:14,121 - INFO -   验证损失: 0.002378, 验证MAE: 0.026920
2026-05-20 16:35:14,546 - INFO - Epoch 157/600: 
2026-05-20 16:35:14,546 - INFO -   训练损失: 0.002757, 训练MAE: 0.032323
2026-05-20 16:35:14,547 - INFO -   验证损失: 0.001796, 验证MAE: 0.023657
2026-05-20 16:35:14,961 - INFO - Epoch 158/600: 
2026-05-20 16:35:14,961 - INFO -   训练损失: 0.002955, 训练MAE: 0.034275
2026-05-20 16:35:14,961 - INFO -   验证损失: 0.001883, 验证MAE: 0.024981
2026-05-20 16:35:15,374 - INFO - Epoch 159/600: 
2026-05-20 16:35:15,374 - INFO -   训练损失: 0.003157, 训练MAE: 0.032891
2026-05-20 16:35:15,374 - INFO -   验证损失: 0.001691, 验证MAE: 0.021913
2026-05-20 16:35:15,778 - INFO - Epoch 160/600: 
2026-05-20 16:35:15,778 - INFO -   训练损失: 0.003503, 训练MAE: 0.034922
2026-05-20 16:35:15,778 - INFO -   验证损失: 0.001894, 验证MAE: 0.023854
2026-05-20 16:35:15,831 - INFO - 检查点保存到: d:\CST output\CST 7\checkpoints\model_epoch_160.pth
2026-05-20 16:35:16,225 - INFO - 学习率从 0.00000181 调整为 0.00000109
2026-05-20 16:35:16,225 - INFO - Epoch 161/600: 
2026-05-20 16:35:16,225 - INFO -   训练损失: 0.002561, 训练MAE: 0.032552
2026-05-20 16:35:16,225 - INFO -   验证损失: 0.002070, 验证MAE: 0.025471
2026-05-20 16:35:16,623 - INFO - Epoch 162/600: 
2026-05-20 16:35:16,623 - INFO -   训练损失: 0.003036, 训练MAE: 0.033888
2026-05-20 16:35:16,624 - INFO -   验证损失: 0.002121, 验证MAE: 0.026501
2026-05-20 16:35:17,047 - INFO - Epoch 163/600: 
2026-05-20 16:35:17,047 - INFO -   训练损失: 0.002565, 训练MAE: 0.032689
2026-05-20 16:35:17,047 - INFO -   验证损失: 0.002079, 验证MAE: 0.027169
2026-05-20 16:35:17,475 - INFO - Epoch 164/600: 
2026-05-20 16:35:17,477 - INFO -   训练损失: 0.003906, 训练MAE: 0.034271
2026-05-20 16:35:17,477 - INFO -   验证损失: 0.001868, 验证MAE: 0.024674
2026-05-20 16:35:17,869 - INFO - Epoch 165/600: 
2026-05-20 16:35:17,869 - INFO -   训练损失: 0.002875, 训练MAE: 0.034150
2026-05-20 16:35:17,869 - INFO -   验证损失: 0.001976, 验证MAE: 0.026026
2026-05-20 16:35:18,261 - INFO - Epoch 166/600: 
2026-05-20 16:35:18,261 - INFO -   训练损失: 0.003657, 训练MAE: 0.035350
2026-05-20 16:35:18,261 - INFO -   验证损失: 0.001969, 验证MAE: 0.025457
2026-05-20 16:35:18,664 - INFO - Epoch 167/600: 
2026-05-20 16:35:18,664 - INFO -   训练损失: 0.002765, 训练MAE: 0.033183
2026-05-20 16:35:18,664 - INFO -   验证损失: 0.002065, 验证MAE: 0.026560
2026-05-20 16:35:19,064 - INFO - 学习率从 0.00000109 调整为 0.00000065
2026-05-20 16:35:19,064 - INFO - Epoch 168/600: 
2026-05-20 16:35:19,064 - INFO -   训练损失: 0.002664, 训练MAE: 0.032485
2026-05-20 16:35:19,064 - INFO -   验证损失: 0.001914, 验证MAE: 0.025008
2026-05-20 16:35:19,460 - INFO - Epoch 169/600: 
2026-05-20 16:35:19,461 - INFO -   训练损失: 0.003354, 训练MAE: 0.032758
2026-05-20 16:35:19,461 - INFO -   验证损失: 0.002091, 验证MAE: 0.026064
2026-05-20 16:35:19,846 - INFO - Epoch 170/600: 
2026-05-20 16:35:19,846 - INFO -   训练损失: 0.002545, 训练MAE: 0.032891
2026-05-20 16:35:19,846 - INFO -   验证损失: 0.001989, 验证MAE: 0.026398
2026-05-20 16:35:19,899 - INFO - 检查点保存到: d:\CST output\CST 7\checkpoints\model_epoch_170.pth
2026-05-20 16:35:20,279 - INFO - Epoch 171/600: 
2026-05-20 16:35:20,281 - INFO -   训练损失: 0.002991, 训练MAE: 0.033782
2026-05-20 16:35:20,281 - INFO -   验证损失: 0.001982, 验证MAE: 0.025478
2026-05-20 16:35:20,673 - INFO - Epoch 172/600: 
2026-05-20 16:35:20,673 - INFO -   训练损失: 0.003443, 训练MAE: 0.034184
2026-05-20 16:35:20,674 - INFO -   验证损失: 0.001978, 验证MAE: 0.025279
2026-05-20 16:35:21,061 - INFO - Epoch 173/600: 
2026-05-20 16:35:21,061 - INFO -   训练损失: 0.002887, 训练MAE: 0.033640
2026-05-20 16:35:21,061 - INFO -   验证损失: 0.001771, 验证MAE: 0.023754
2026-05-20 16:35:21,455 - INFO - Epoch 174/600: 
2026-05-20 16:35:21,455 - INFO -   训练损失: 0.003726, 训练MAE: 0.034424
2026-05-20 16:35:21,456 - INFO -   验证损失: 0.002156, 验证MAE: 0.027806
2026-05-20 16:35:21,835 - INFO - 学习率从 0.00000065 调整为 0.00000050
2026-05-20 16:35:21,835 - INFO - Epoch 175/600: 
2026-05-20 16:35:21,835 - INFO -   训练损失: 0.003129, 训练MAE: 0.034018
2026-05-20 16:35:21,835 - INFO -   验证损失: 0.001950, 验证MAE: 0.025652
2026-05-20 16:35:22,247 - INFO - Epoch 176/600: 
2026-05-20 16:35:22,247 - INFO -   训练损失: 0.002748, 训练MAE: 0.032334
2026-05-20 16:35:22,247 - INFO -   验证损失: 0.002015, 验证MAE: 0.025935
2026-05-20 16:35:22,640 - INFO - Epoch 177/600: 
2026-05-20 16:35:22,640 - INFO -   训练损失: 0.003126, 训练MAE: 0.032389
2026-05-20 16:35:22,641 - INFO -   验证损失: 0.001980, 验证MAE: 0.024262
2026-05-20 16:35:22,641 - INFO - 早停触发: 30轮验证损失未改善
2026-05-20 16:35:22,641 - INFO - 模型训练完成!
2026-05-20 16:35:22,641 - INFO - 加载最佳模型进行评估...
2026-05-20 16:35:22,687 - INFO - 在完整验证集(20%数据)上评估模型...
2026-05-20 16:35:22,714 - INFO - 模型评估结果:
2026-05-20 16:35:22,715 - INFO -   测试损失: 0.001671
2026-05-20 16:35:22,715 - INFO -   测试MAE: 0.023359
2026-05-20 16:35:22,715 - INFO - 生成训练结果可视化...
2026-05-20 16:35:23,209 - INFO - 训练曲线已保存到: d:\CST output\CST 7\training_plots\training_curves.png
2026-05-20 16:35:24,420 - INFO - 预测散点图已保存到: d:\CST output\CST 7\training_plots\prediction_scatter.png
2026-05-20 16:35:25,525 - INFO - 误差分布图已保存到: d:\CST output\CST 7\training_plots\error_distribution.png
2026-05-20 16:35:25,525 - INFO - 所有可视化图表已生成完成!
2026-05-20 16:35:25,527 - INFO - ============================================================
2026-05-20 16:35:25,527 - INFO - 模型训练流程完成! (数据集划分: 训练集80% / 验证集20%)
2026-05-20 16:35:25,527 - INFO - 可视化图表保存在: d:\CST output\CST 7\training_plots
2026-05-20 16:35:25,527 - INFO - ============================================================
2026-05-20 16:36:05,148 - INFO - ============================================================
2026-05-20 16:36:05,148 - INFO - 开始模型训练流程
2026-05-20 16:36:05,148 - INFO - ============================================================
2026-05-20 16:36:05,148 - INFO - 加载数据集...
2026-05-20 16:36:05,164 - INFO - 数据集加载完成: 训练集=3247, 验证集=812, 测试集=1
2026-05-20 16:36:05,164 - INFO - 准备数据加载器...
2026-05-20 16:36:05,168 - INFO - 数据加载器准备完成: batch_size=64
2026-05-20 16:36:05,169 - INFO - 创建模型: 输入维度=751
2026-05-20 16:36:05,200 - INFO - 训练模型...
2026-05-20 16:36:05,288 - INFO - 使用设备: cuda
2026-05-20 16:36:05,765 - INFO - 开始训练模型...
2026-05-20 16:36:06,255 - INFO - Epoch 1/600: 
2026-05-20 16:36:06,255 - INFO -   训练损失: 0.314359, 训练MAE: 0.377260
2026-05-20 16:36:06,255 - INFO -   验证损失: 0.467582, 验证MAE: 0.594061
2026-05-20 16:36:06,669 - INFO - Epoch 2/600: 
2026-05-20 16:36:06,669 - INFO -   训练损失: 0.119200, 训练MAE: 0.209408
2026-05-20 16:36:06,670 - INFO -   验证损失: 2.031684, 验证MAE: 1.389565
2026-05-20 16:36:07,038 - INFO - Epoch 3/600: 
2026-05-20 16:36:07,039 - INFO -   训练损失: 0.068122, 训练MAE: 0.160169
2026-05-20 16:36:07,039 - INFO -   验证损失: 0.326413, 验证MAE: 0.495106
2026-05-20 16:36:07,465 - INFO - Epoch 4/600: 
2026-05-20 16:36:07,467 - INFO -   训练损失: 0.055701, 训练MAE: 0.139185
2026-05-20 16:36:07,467 - INFO -   验证损失: 0.305792, 验证MAE: 0.485687
2026-05-20 16:36:07,902 - INFO - Epoch 5/600: 
2026-05-20 16:36:07,902 - INFO -   训练损失: 0.052228, 训练MAE: 0.131198
2026-05-20 16:36:07,902 - INFO -   验证损失: 0.405433, 验证MAE: 0.570030
2026-05-20 16:36:08,288 - INFO - Epoch 6/600: 
2026-05-20 16:36:08,288 - INFO -   训练损失: 0.048590, 训练MAE: 0.118060
2026-05-20 16:36:08,288 - INFO -   验证损失: 0.392443, 验证MAE: 0.561832
2026-05-20 16:36:08,669 - INFO - Epoch 7/600: 
2026-05-20 16:36:08,669 - INFO -   训练损失: 0.042368, 训练MAE: 0.108887
2026-05-20 16:36:08,669 - INFO -   验证损失: 1.326183, 验证MAE: 0.993707
2026-05-20 16:36:09,041 - INFO - Epoch 8/600: 
2026-05-20 16:36:09,048 - INFO -   训练损失: 0.045162, 训练MAE: 0.111656
2026-05-20 16:36:09,048 - INFO -   验证损失: 0.186017, 验证MAE: 0.324152
2026-05-20 16:36:09,482 - INFO - Epoch 9/600: 
2026-05-20 16:36:09,482 - INFO -   训练损失: 0.046329, 训练MAE: 0.107318
2026-05-20 16:36:09,483 - INFO -   验证损失: 0.508005, 验证MAE: 0.623621
2026-05-20 16:36:09,867 - INFO - Epoch 10/600: 
2026-05-20 16:36:09,867 - INFO -   训练损失: 0.040466, 训练MAE: 0.103300
2026-05-20 16:36:09,867 - INFO -   验证损失: 0.298026, 验证MAE: 0.463751
2026-05-20 16:36:09,920 - INFO - 检查点保存到: d:\CST output\CST 7\checkpoints\model_epoch_10.pth
2026-05-20 16:36:10,332 - INFO - Epoch 11/600: 
2026-05-20 16:36:10,332 - INFO -   训练损失: 0.027036, 训练MAE: 0.099232
2026-05-20 16:36:10,332 - INFO -   验证损失: 0.842835, 验证MAE: 0.766181
2026-05-20 16:36:10,715 - INFO - Epoch 12/600: 
2026-05-20 16:36:10,715 - INFO -   训练损失: 0.019281, 训练MAE: 0.090581
2026-05-20 16:36:10,716 - INFO -   验证损失: 0.337541, 验证MAE: 0.505547
2026-05-20 16:36:11,097 - INFO - Epoch 13/600: 
2026-05-20 16:36:11,097 - INFO -   训练损失: 0.016891, 训练MAE: 0.083526
2026-05-20 16:36:11,098 - INFO -   验证损失: 0.190810, 验证MAE: 0.364263
2026-05-20 16:36:11,477 - INFO - Epoch 14/600: 
2026-05-20 16:36:11,477 - INFO -   训练损失: 0.016291, 训练MAE: 0.080671
2026-05-20 16:36:11,477 - INFO -   验证损失: 0.163858, 验证MAE: 0.334647
2026-05-20 16:36:11,912 - INFO - Epoch 15/600: 
2026-05-20 16:36:11,912 - INFO -   训练损失: 0.014947, 训练MAE: 0.077688
2026-05-20 16:36:11,912 - INFO -   验证损失: 0.394638, 验证MAE: 0.562315
2026-05-20 16:36:12,294 - INFO - Epoch 16/600: 
2026-05-20 16:36:12,294 - INFO -   训练损失: 0.012746, 训练MAE: 0.073168
2026-05-20 16:36:12,294 - INFO -   验证损失: 0.388359, 验证MAE: 0.561529
2026-05-20 16:36:12,693 - INFO - Epoch 17/600: 
2026-05-20 16:36:12,693 - INFO -   训练损失: 0.012763, 训练MAE: 0.072084
2026-05-20 16:36:12,693 - INFO -   验证损失: 0.342637, 验证MAE: 0.499077
2026-05-20 16:36:13,209 - INFO - Epoch 18/600: 
2026-05-20 16:36:13,209 - INFO -   训练损失: 0.011601, 训练MAE: 0.069374
2026-05-20 16:36:13,209 - INFO -   验证损失: 0.401138, 验证MAE: 0.567415
2026-05-20 16:36:13,614 - INFO - Epoch 19/600: 
2026-05-20 16:36:13,614 - INFO -   训练损失: 0.013082, 训练MAE: 0.073991
2026-05-20 16:36:13,614 - INFO -   验证损失: 0.371112, 验证MAE: 0.536584
2026-05-20 16:36:14,007 - INFO - Epoch 20/600: 
2026-05-20 16:36:14,008 - INFO -   训练损失: 0.012123, 训练MAE: 0.069394
2026-05-20 16:36:14,009 - INFO -   验证损失: 0.086621, 验证MAE: 0.240901
2026-05-20 16:36:14,063 - INFO - 检查点保存到: d:\CST output\CST 7\checkpoints\model_epoch_20.pth
2026-05-20 16:36:14,513 - INFO - Epoch 21/600: 
2026-05-20 16:36:14,513 - INFO -   训练损失: 0.011707, 训练MAE: 0.070211
2026-05-20 16:36:14,514 - INFO -   验证损失: 0.078326, 验证MAE: 0.204772
2026-05-20 16:36:14,962 - INFO - Epoch 22/600: 
2026-05-20 16:36:14,962 - INFO -   训练损失: 0.011027, 训练MAE: 0.067589
2026-05-20 16:36:14,962 - INFO -   验证损失: 0.322406, 验证MAE: 0.494884
2026-05-20 16:36:15,359 - INFO - Epoch 23/600: 
2026-05-20 16:36:15,359 - INFO -   训练损失: 0.010091, 训练MAE: 0.063638
2026-05-20 16:36:15,359 - INFO -   验证损失: 0.099212, 验证MAE: 0.257564
2026-05-20 16:36:15,764 - INFO - Epoch 24/600: 
2026-05-20 16:36:15,764 - INFO -   训练损失: 0.010808, 训练MAE: 0.064170
2026-05-20 16:36:15,764 - INFO -   验证损失: 0.161225, 验证MAE: 0.330337
2026-05-20 16:36:16,153 - INFO - Epoch 25/600: 
2026-05-20 16:36:16,153 - INFO -   训练损失: 0.010148, 训练MAE: 0.062341
2026-05-20 16:36:16,153 - INFO -   验证损失: 0.389706, 验证MAE: 0.557297
2026-05-20 16:36:16,546 - INFO - Epoch 26/600: 
2026-05-20 16:36:16,546 - INFO -   训练损失: 0.011227, 训练MAE: 0.065060
2026-05-20 16:36:16,546 - INFO -   验证损失: 0.380014, 验证MAE: 0.542099
2026-05-20 16:36:16,968 - INFO - Epoch 27/600: 
2026-05-20 16:36:16,969 - INFO -   训练损失: 0.010249, 训练MAE: 0.064497
2026-05-20 16:36:16,969 - INFO -   验证损失: 0.214370, 验证MAE: 0.387313
2026-05-20 16:36:17,368 - INFO - 学习率从 0.00030000 调整为 0.00018000
2026-05-20 16:36:17,368 - INFO - Epoch 28/600: 
2026-05-20 16:36:17,368 - INFO -   训练损失: 0.009492, 训练MAE: 0.062049
2026-05-20 16:36:17,368 - INFO -   验证损失: 0.371803, 验证MAE: 0.529982
2026-05-20 16:36:17,764 - INFO - Epoch 29/600: 
2026-05-20 16:36:17,764 - INFO -   训练损失: 0.007920, 训练MAE: 0.055533
2026-05-20 16:36:17,765 - INFO -   验证损失: 0.179319, 验证MAE: 0.340008
2026-05-20 16:36:18,161 - INFO - Epoch 30/600: 
2026-05-20 16:36:18,162 - INFO -   训练损失: 0.008419, 训练MAE: 0.056674
2026-05-20 16:36:18,162 - INFO -   验证损失: 0.152576, 验证MAE: 0.310411
2026-05-20 16:36:18,211 - INFO - 检查点保存到: d:\CST output\CST 7\checkpoints\model_epoch_30.pth
2026-05-20 16:36:18,612 - INFO - Epoch 31/600: 
2026-05-20 16:36:18,612 - INFO -   训练损失: 0.008449, 训练MAE: 0.054936
2026-05-20 16:36:18,613 - INFO -   验证损失: 0.111639, 验证MAE: 0.240380
2026-05-20 16:36:19,004 - INFO - Epoch 32/600: 
2026-05-20 16:36:19,005 - INFO -   训练损失: 0.010115, 训练MAE: 0.058634
2026-05-20 16:36:19,005 - INFO -   验证损失: 0.074627, 验证MAE: 0.205280
2026-05-20 16:36:19,449 - INFO - Epoch 33/600: 
2026-05-20 16:36:19,449 - INFO -   训练损失: 0.008544, 训练MAE: 0.056279
2026-05-20 16:36:19,449 - INFO -   验证损失: 0.127891, 验证MAE: 0.269200
2026-05-20 16:36:19,842 - INFO - Epoch 34/600: 
2026-05-20 16:36:19,842 - INFO -   训练损失: 0.006691, 训练MAE: 0.052062
2026-05-20 16:36:19,842 - INFO -   验证损失: 0.123341, 验证MAE: 0.253436
2026-05-20 16:36:20,227 - INFO - Epoch 35/600: 
2026-05-20 16:36:20,228 - INFO -   训练损失: 0.006594, 训练MAE: 0.052147
2026-05-20 16:36:20,228 - INFO -   验证损失: 0.191382, 验证MAE: 0.366415
2026-05-20 16:36:20,639 - INFO - Epoch 36/600: 
2026-05-20 16:36:20,639 - INFO -   训练损失: 0.006865, 训练MAE: 0.052329
2026-05-20 16:36:20,639 - INFO -   验证损失: 0.080807, 验证MAE: 0.208627
2026-05-20 16:36:21,058 - INFO - Epoch 37/600: 
2026-05-20 16:36:21,058 - INFO -   训练损失: 0.006751, 训练MAE: 0.051943
2026-05-20 16:36:21,058 - INFO -   验证损失: 0.123138, 验证MAE: 0.249079
2026-05-20 16:36:21,445 - INFO - Epoch 38/600: 
2026-05-20 16:36:21,445 - INFO -   训练损失: 0.005397, 训练MAE: 0.047722
2026-05-20 16:36:21,446 - INFO -   验证损失: 0.241544, 验证MAE: 0.403990
2026-05-20 16:36:21,834 - INFO - Epoch 39/600: 
2026-05-20 16:36:21,834 - INFO -   训练损失: 0.007225, 训练MAE: 0.052237
2026-05-20 16:36:21,834 - INFO -   验证损失: 0.070048, 验证MAE: 0.205701
2026-05-20 16:36:22,269 - INFO - Epoch 40/600: 
2026-05-20 16:36:22,269 - INFO -   训练损失: 0.007269, 训练MAE: 0.052113
2026-05-20 16:36:22,269 - INFO -   验证损失: 0.099815, 验证MAE: 0.228809
2026-05-20 16:36:22,322 - INFO - 检查点保存到: d:\CST output\CST 7\checkpoints\model_epoch_40.pth
2026-05-20 16:36:22,714 - INFO - Epoch 41/600: 
2026-05-20 16:36:22,714 - INFO -   训练损失: 0.006666, 训练MAE: 0.047921
2026-05-20 16:36:22,714 - INFO -   验证损失: 0.112706, 验证MAE: 0.236456
2026-05-20 16:36:23,107 - INFO - Epoch 42/600: 
2026-05-20 16:36:23,107 - INFO -   训练损失: 0.006680, 训练MAE: 0.049348
2026-05-20 16:36:23,107 - INFO -   验证损失: 0.114226, 验证MAE: 0.267207
2026-05-20 16:36:23,494 - INFO - Epoch 43/600: 
2026-05-20 16:36:23,494 - INFO -   训练损失: 0.006737, 训练MAE: 0.048531
2026-05-20 16:36:23,494 - INFO -   验证损失: 0.162547, 验证MAE: 0.323520
2026-05-20 16:36:23,888 - INFO - Epoch 44/600: 
2026-05-20 16:36:23,888 - INFO -   训练损失: 0.006332, 训练MAE: 0.047174
2026-05-20 16:36:23,888 - INFO -   验证损失: 0.089153, 验证MAE: 0.225495
2026-05-20 16:36:24,280 - INFO - Epoch 45/600: 
2026-05-20 16:36:24,280 - INFO -   训练损失: 0.006549, 训练MAE: 0.047842
2026-05-20 16:36:24,280 - INFO -   验证损失: 0.394855, 验证MAE: 0.561209
2026-05-20 16:36:24,693 - INFO - 学习率从 0.00018000 调整为 0.00010800
2026-05-20 16:36:24,693 - INFO - Epoch 46/600: 
2026-05-20 16:36:24,693 - INFO -   训练损失: 0.005815, 训练MAE: 0.047145
2026-05-20 16:36:24,694 - INFO -   验证损失: 0.077814, 验证MAE: 0.228151
2026-05-20 16:36:25,095 - INFO - Epoch 47/600: 
2026-05-20 16:36:25,096 - INFO -   训练损失: 0.006669, 训练MAE: 0.049635
2026-05-20 16:36:25,096 - INFO -   验证损失: 0.306770, 验证MAE: 0.478652
2026-05-20 16:36:25,487 - INFO - Epoch 48/600: 
2026-05-20 16:36:25,487 - INFO -   训练损失: 0.006545, 训练MAE: 0.047176
2026-05-20 16:36:25,488 - INFO -   验证损失: 0.060593, 验证MAE: 0.177731
2026-05-20 16:36:25,934 - INFO - Epoch 49/600: 
2026-05-20 16:36:25,934 - INFO -   训练损失: 0.004533, 训练MAE: 0.042065
2026-05-20 16:36:25,934 - INFO -   验证损失: 0.087972, 验证MAE: 0.197043
2026-05-20 16:36:26,328 - INFO - Epoch 50/600: 
2026-05-20 16:36:26,328 - INFO -   训练损失: 0.005138, 训练MAE: 0.043627
2026-05-20 16:36:26,328 - INFO -   验证损失: 0.067974, 验证MAE: 0.193596
2026-05-20 16:36:26,381 - INFO - 检查点保存到: d:\CST output\CST 7\checkpoints\model_epoch_50.pth
2026-05-20 16:36:26,789 - INFO - Epoch 51/600: 
2026-05-20 16:36:26,789 - INFO -   训练损失: 0.004808, 训练MAE: 0.042661
2026-05-20 16:36:26,789 - INFO -   验证损失: 0.112990, 验证MAE: 0.233078
2026-05-20 16:36:27,200 - INFO - Epoch 52/600: 
2026-05-20 16:36:27,200 - INFO -   训练损失: 0.005400, 训练MAE: 0.043865
2026-05-20 16:36:27,200 - INFO -   验证损失: 0.062848, 验证MAE: 0.190718
2026-05-20 16:36:27,599 - INFO - Epoch 53/600: 
2026-05-20 16:36:27,600 - INFO -   训练损失: 0.005033, 训练MAE: 0.043532
2026-05-20 16:36:27,600 - INFO -   验证损失: 0.120636, 验证MAE: 0.243497
2026-05-20 16:36:27,997 - INFO - Epoch 54/600: 
2026-05-20 16:36:27,997 - INFO -   训练损失: 0.004960, 训练MAE: 0.042851
2026-05-20 16:36:27,997 - INFO -   验证损失: 0.066387, 验证MAE: 0.157222
2026-05-20 16:36:28,397 - INFO - 学习率从 0.00010800 调整为 0.00006480
2026-05-20 16:36:28,397 - INFO - Epoch 55/600: 
2026-05-20 16:36:28,398 - INFO -   训练损失: 0.005088, 训练MAE: 0.044492
2026-05-20 16:36:28,398 - INFO -   验证损失: 0.116715, 验证MAE: 0.246816
2026-05-20 16:36:28,814 - INFO - Epoch 56/600: 
2026-05-20 16:36:28,814 - INFO -   训练损失: 0.004606, 训练MAE: 0.041402
2026-05-20 16:36:28,814 - INFO -   验证损失: 0.058886, 验证MAE: 0.171154
2026-05-20 16:36:29,264 - INFO - Epoch 57/600: 
2026-05-20 16:36:29,265 - INFO -   训练损失: 0.004460, 训练MAE: 0.041453
2026-05-20 16:36:29,265 - INFO -   验证损失: 0.108451, 验证MAE: 0.227384
2026-05-20 16:36:29,677 - INFO - Epoch 58/600: 
2026-05-20 16:36:29,678 - INFO -   训练损失: 0.003712, 训练MAE: 0.038971
2026-05-20 16:36:29,678 - INFO -   验证损失: 0.059243, 验证MAE: 0.185653
2026-05-20 16:36:30,105 - INFO - Epoch 59/600: 
2026-05-20 16:36:30,106 - INFO -   训练损失: 0.004463, 训练MAE: 0.041845
2026-05-20 16:36:30,106 - INFO -   验证损失: 0.092448, 验证MAE: 0.200021
2026-05-20 16:36:30,512 - INFO - Epoch 60/600: 
2026-05-20 16:36:30,513 - INFO -   训练损失: 0.004472, 训练MAE: 0.039516
2026-05-20 16:36:30,513 - INFO -   验证损失: 0.042970, 验证MAE: 0.133110
2026-05-20 16:36:30,568 - INFO - 检查点保存到: d:\CST output\CST 7\checkpoints\model_epoch_60.pth
2026-05-20 16:36:31,043 - INFO - Epoch 61/600: 
2026-05-20 16:36:31,043 - INFO -   训练损失: 0.004360, 训练MAE: 0.039270
2026-05-20 16:36:31,044 - INFO -   验证损失: 0.092705, 验证MAE: 0.206429
2026-05-20 16:36:31,471 - INFO - Epoch 62/600: 
2026-05-20 16:36:31,471 - INFO -   训练损失: 0.004412, 训练MAE: 0.039106
2026-05-20 16:36:31,471 - INFO -   验证损失: 0.041122, 验证MAE: 0.146075
2026-05-20 16:36:31,925 - INFO - Epoch 63/600: 
2026-05-20 16:36:31,927 - INFO -   训练损失: 0.003986, 训练MAE: 0.039105
2026-05-20 16:36:31,927 - INFO -   验证损失: 0.064773, 验证MAE: 0.161264
2026-05-20 16:36:32,330 - INFO - Epoch 64/600: 
2026-05-20 16:36:32,330 - INFO -   训练损失: 0.004126, 训练MAE: 0.040363
2026-05-20 16:36:32,330 - INFO -   验证损失: 0.055376, 验证MAE: 0.143628
2026-05-20 16:36:32,735 - INFO - Epoch 65/600: 
2026-05-20 16:36:32,735 - INFO -   训练损失: 0.004331, 训练MAE: 0.040688
2026-05-20 16:36:32,736 - INFO -   验证损失: 0.123323, 验证MAE: 0.243778
2026-05-20 16:36:33,141 - INFO - Epoch 66/600: 
2026-05-20 16:36:33,143 - INFO -   训练损失: 0.004650, 训练MAE: 0.040903
2026-05-20 16:36:33,143 - INFO -   验证损失: 0.109520, 验证MAE: 0.230567
2026-05-20 16:36:33,556 - INFO - Epoch 67/600: 
2026-05-20 16:36:33,556 - INFO -   训练损失: 0.004012, 训练MAE: 0.039297
2026-05-20 16:36:33,556 - INFO -   验证损失: 0.086070, 验证MAE: 0.196510
2026-05-20 16:36:33,951 - INFO - Epoch 68/600: 
2026-05-20 16:36:33,951 - INFO -   训练损失: 0.004179, 训练MAE: 0.040286
2026-05-20 16:36:33,951 - INFO -   验证损失: 0.109214, 验证MAE: 0.229689
2026-05-20 16:36:34,343 - INFO - 学习率从 0.00006480 调整为 0.00003888
2026-05-20 16:36:34,344 - INFO - Epoch 69/600: 
2026-05-20 16:36:34,344 - INFO -   训练损失: 0.004083, 训练MAE: 0.038374
2026-05-20 16:36:34,344 - INFO -   验证损失: 0.073293, 验证MAE: 0.190349
2026-05-20 16:36:34,738 - INFO - Epoch 70/600: 
2026-05-20 16:36:34,738 - INFO -   训练损失: 0.003893, 训练MAE: 0.036954
2026-05-20 16:36:34,738 - INFO -   验证损失: 0.072487, 验证MAE: 0.172343
2026-05-20 16:36:34,790 - INFO - 检查点保存到: d:\CST output\CST 7\checkpoints\model_epoch_70.pth
2026-05-20 16:36:35,186 - INFO - Epoch 71/600: 
2026-05-20 16:36:35,186 - INFO -   训练损失: 0.003411, 训练MAE: 0.037456
2026-05-20 16:36:35,186 - INFO -   验证损失: 0.066039, 验证MAE: 0.185714
2026-05-20 16:36:35,575 - INFO - Epoch 72/600: 
2026-05-20 16:36:35,575 - INFO -   训练损失: 0.003797, 训练MAE: 0.037574
2026-05-20 16:36:35,575 - INFO -   验证损失: 0.030192, 验证MAE: 0.112382
2026-05-20 16:36:36,027 - INFO - Epoch 73/600: 
2026-05-20 16:36:36,028 - INFO -   训练损失: 0.004189, 训练MAE: 0.039886
2026-05-20 16:36:36,028 - INFO -   验证损失: 0.060923, 验证MAE: 0.146431
2026-05-20 16:36:36,443 - INFO - Epoch 74/600: 
2026-05-20 16:36:36,443 - INFO -   训练损失: 0.004723, 训练MAE: 0.039468
2026-05-20 16:36:36,443 - INFO -   验证损失: 0.021413, 验证MAE: 0.090055
2026-05-20 16:36:36,894 - INFO - Epoch 75/600: 
2026-05-20 16:36:36,894 - INFO -   训练损失: 0.003308, 训练MAE: 0.037055
2026-05-20 16:36:36,895 - INFO -   验证损失: 0.101927, 验证MAE: 0.227053
2026-05-20 16:36:37,299 - INFO - Epoch 76/600: 
2026-05-20 16:36:37,299 - INFO -   训练损失: 0.003532, 训练MAE: 0.037146
2026-05-20 16:36:37,299 - INFO -   验证损失: 0.041381, 验证MAE: 0.128840
2026-05-20 16:36:37,694 - INFO - Epoch 77/600: 
2026-05-20 16:36:37,694 - INFO -   训练损失: 0.004229, 训练MAE: 0.037916
2026-05-20 16:36:37,694 - INFO -   验证损失: 0.078951, 验证MAE: 0.175741
2026-05-20 16:36:38,093 - INFO - Epoch 78/600: 
2026-05-20 16:36:38,093 - INFO -   训练损失: 0.004137, 训练MAE: 0.038616
2026-05-20 16:36:38,093 - INFO -   验证损失: 0.055384, 验证MAE: 0.151912
2026-05-20 16:36:38,493 - INFO - Epoch 79/600: 
2026-05-20 16:36:38,493 - INFO -   训练损失: 0.004204, 训练MAE: 0.039336
2026-05-20 16:36:38,493 - INFO -   验证损失: 0.096931, 验证MAE: 0.209617
2026-05-20 16:36:38,893 - INFO - Epoch 80/600: 
2026-05-20 16:36:38,894 - INFO -   训练损失: 0.003178, 训练MAE: 0.036542
2026-05-20 16:36:38,894 - INFO -   验证损失: 0.010112, 验证MAE: 0.063010
2026-05-20 16:36:38,950 - INFO - 检查点保存到: d:\CST output\CST 7\checkpoints\model_epoch_80.pth
2026-05-20 16:36:39,386 - INFO - Epoch 81/600: 
2026-05-20 16:36:39,387 - INFO -   训练损失: 0.003463, 训练MAE: 0.036293
2026-05-20 16:36:39,387 - INFO -   验证损失: 0.017243, 验证MAE: 0.090200
2026-05-20 16:36:39,773 - INFO - Epoch 82/600: 
2026-05-20 16:36:39,774 - INFO -   训练损失: 0.003730, 训练MAE: 0.037329
2026-05-20 16:36:39,774 - INFO -   验证损失: 0.055767, 验证MAE: 0.137263
2026-05-20 16:36:40,162 - INFO - Epoch 83/600: 
2026-05-20 16:36:40,162 - INFO -   训练损失: 0.003779, 训练MAE: 0.036986
2026-05-20 16:36:40,162 - INFO -   验证损失: 0.066415, 验证MAE: 0.165270
2026-05-20 16:36:40,574 - INFO - Epoch 84/600: 
2026-05-20 16:36:40,574 - INFO -   训练损失: 0.003648, 训练MAE: 0.036937
2026-05-20 16:36:40,574 - INFO -   验证损失: 0.097615, 验证MAE: 0.209076
2026-05-20 16:36:40,962 - INFO - Epoch 85/600: 
2026-05-20 16:36:40,962 - INFO -   训练损失: 0.003261, 训练MAE: 0.035311
2026-05-20 16:36:40,962 - INFO -   验证损失: 0.018678, 验证MAE: 0.080508
2026-05-20 16:36:41,377 - INFO - Epoch 86/600: 
2026-05-20 16:36:41,377 - INFO -   训练损失: 0.003615, 训练MAE: 0.036657
2026-05-20 16:36:41,377 - INFO -   验证损失: 0.078717, 验证MAE: 0.172246
2026-05-20 16:36:41,778 - INFO - 学习率从 0.00003888 调整为 0.00002333
2026-05-20 16:36:41,778 - INFO - Epoch 87/600: 
2026-05-20 16:36:41,778 - INFO -   训练损失: 0.003039, 训练MAE: 0.034544
2026-05-20 16:36:41,778 - INFO -   验证损失: 0.021848, 验证MAE: 0.106113
2026-05-20 16:36:42,170 - INFO - Epoch 88/600: 
2026-05-20 16:36:42,170 - INFO -   训练损失: 0.003154, 训练MAE: 0.036298
2026-05-20 16:36:42,170 - INFO -   验证损失: 0.030356, 验证MAE: 0.110397
2026-05-20 16:36:42,562 - INFO - Epoch 89/600: 
2026-05-20 16:36:42,562 - INFO -   训练损失: 0.003381, 训练MAE: 0.037142
2026-05-20 16:36:42,562 - INFO -   验证损失: 0.050520, 验证MAE: 0.124439
2026-05-20 16:36:42,956 - INFO - Epoch 90/600: 
2026-05-20 16:36:42,956 - INFO -   训练损失: 0.003411, 训练MAE: 0.036158
2026-05-20 16:36:42,957 - INFO -   验证损失: 0.014204, 验证MAE: 0.075549
2026-05-20 16:36:43,010 - INFO - 检查点保存到: d:\CST output\CST 7\checkpoints\model_epoch_90.pth
2026-05-20 16:36:43,401 - INFO - Epoch 91/600: 
2026-05-20 16:36:43,401 - INFO -   训练损失: 0.003424, 训练MAE: 0.036443
2026-05-20 16:36:43,401 - INFO -   验证损失: 0.011101, 验证MAE: 0.067238
2026-05-20 16:36:43,797 - INFO - Epoch 92/600: 
2026-05-20 16:36:43,797 - INFO -   训练损失: 0.003666, 训练MAE: 0.035188
2026-05-20 16:36:43,797 - INFO -   验证损失: 0.037868, 验证MAE: 0.097354
2026-05-20 16:36:44,220 - INFO - Epoch 93/600: 
2026-05-20 16:36:44,220 - INFO -   训练损失: 0.003494, 训练MAE: 0.035176
2026-05-20 16:36:44,220 - INFO -   验证损失: 0.008202, 验证MAE: 0.059028
2026-05-20 16:36:44,673 - INFO - Epoch 94/600: 
2026-05-20 16:36:44,673 - INFO -   训练损失: 0.002821, 训练MAE: 0.034616
2026-05-20 16:36:44,673 - INFO -   验证损失: 0.020321, 验证MAE: 0.094886
2026-05-20 16:36:45,077 - INFO - Epoch 95/600: 
2026-05-20 16:36:45,077 - INFO -   训练损失: 0.003336, 训练MAE: 0.035838
2026-05-20 16:36:45,078 - INFO -   验证损失: 0.062623, 验证MAE: 0.144533
2026-05-20 16:36:45,473 - INFO - Epoch 96/600: 
2026-05-20 16:36:45,473 - INFO -   训练损失: 0.004149, 训练MAE: 0.036334
2026-05-20 16:36:45,474 - INFO -   验证损失: 0.029702, 验证MAE: 0.106526
2026-05-20 16:36:45,866 - INFO - Epoch 97/600: 
2026-05-20 16:36:45,866 - INFO -   训练损失: 0.003121, 训练MAE: 0.035255
2026-05-20 16:36:45,866 - INFO -   验证损失: 0.006309, 验证MAE: 0.058348
2026-05-20 16:36:46,313 - INFO - Epoch 98/600: 
2026-05-20 16:36:46,313 - INFO -   训练损失: 0.003077, 训练MAE: 0.034359
2026-05-20 16:36:46,313 - INFO -   验证损失: 0.060854, 验证MAE: 0.149120
2026-05-20 16:36:46,701 - INFO - Epoch 99/600: 
2026-05-20 16:36:46,701 - INFO -   训练损失: 0.003476, 训练MAE: 0.034999
2026-05-20 16:36:46,702 - INFO -   验证损失: 0.022066, 验证MAE: 0.081680
2026-05-20 16:36:47,099 - INFO - Epoch 100/600: 
2026-05-20 16:36:47,099 - INFO -   训练损失: 0.003594, 训练MAE: 0.035223
2026-05-20 16:36:47,099 - INFO -   验证损失: 0.019192, 验证MAE: 0.087821
2026-05-20 16:36:47,151 - INFO - 检查点保存到: d:\CST output\CST 7\checkpoints\model_epoch_100.pth
2026-05-20 16:36:47,554 - INFO - Epoch 101/600: 
2026-05-20 16:36:47,554 - INFO -   训练损失: 0.003060, 训练MAE: 0.034829
2026-05-20 16:36:47,555 - INFO -   验证损失: 0.073719, 验证MAE: 0.168740
2026-05-20 16:36:47,992 - INFO - Epoch 102/600: 
2026-05-20 16:36:47,992 - INFO -   训练损失: 0.003110, 训练MAE: 0.034803
2026-05-20 16:36:47,992 - INFO -   验证损失: 0.023507, 验证MAE: 0.088497
2026-05-20 16:36:48,402 - INFO - Epoch 103/600: 
2026-05-20 16:36:48,402 - INFO -   训练损失: 0.003589, 训练MAE: 0.037028
2026-05-20 16:36:48,402 - INFO -   验证损失: 0.025645, 验证MAE: 0.094103
2026-05-20 16:36:48,805 - INFO - 学习率从 0.00002333 调整为 0.00001400
2026-05-20 16:36:48,805 - INFO - Epoch 104/600: 
2026-05-20 16:36:48,805 - INFO -   训练损失: 0.003559, 训练MAE: 0.035558
2026-05-20 16:36:48,805 - INFO -   验证损失: 0.006392, 验证MAE: 0.052730
2026-05-20 16:36:49,204 - INFO - Epoch 105/600: 
2026-05-20 16:36:49,204 - INFO -   训练损失: 0.003302, 训练MAE: 0.035312
2026-05-20 16:36:49,204 - INFO -   验证损失: 0.009499, 验证MAE: 0.064592
2026-05-20 16:36:49,602 - INFO - Epoch 106/600: 
2026-05-20 16:36:49,602 - INFO -   训练损失: 0.002985, 训练MAE: 0.034602
2026-05-20 16:36:49,602 - INFO -   验证损失: 0.006785, 验证MAE: 0.051823
2026-05-20 16:36:50,002 - INFO - Epoch 107/600: 
2026-05-20 16:36:50,002 - INFO -   训练损失: 0.002770, 训练MAE: 0.034551
2026-05-20 16:36:50,002 - INFO -   验证损失: 0.001964, 验证MAE: 0.026942
2026-05-20 16:36:50,466 - INFO - Epoch 108/600: 
2026-05-20 16:36:50,467 - INFO -   训练损失: 0.003128, 训练MAE: 0.034676
2026-05-20 16:36:50,467 - INFO -   验证损失: 0.010904, 验证MAE: 0.068266
2026-05-20 16:36:50,867 - INFO - Epoch 109/600: 
2026-05-20 16:36:50,868 - INFO -   训练损失: 0.003071, 训练MAE: 0.034696
2026-05-20 16:36:50,868 - INFO -   验证损失: 0.005485, 验证MAE: 0.048563
2026-05-20 16:36:51,275 - INFO - Epoch 110/600: 
2026-05-20 16:36:51,275 - INFO -   训练损失: 0.003533, 训练MAE: 0.034110
2026-05-20 16:36:51,275 - INFO -   验证损失: 0.034246, 验证MAE: 0.096284
2026-05-20 16:36:51,330 - INFO - 检查点保存到: d:\CST output\CST 7\checkpoints\model_epoch_110.pth
2026-05-20 16:36:51,767 - INFO - Epoch 111/600: 
2026-05-20 16:36:51,767 - INFO -   训练损失: 0.003759, 训练MAE: 0.035679
2026-05-20 16:36:51,767 - INFO -   验证损失: 0.003940, 验证MAE: 0.040152
2026-05-20 16:36:52,158 - INFO - Epoch 112/600: 
2026-05-20 16:36:52,158 - INFO -   训练损失: 0.003002, 训练MAE: 0.034410
2026-05-20 16:36:52,158 - INFO -   验证损失: 0.003242, 验证MAE: 0.037711
2026-05-20 16:36:52,547 - INFO - Epoch 113/600: 
2026-05-20 16:36:52,547 - INFO -   训练损失: 0.002772, 训练MAE: 0.033466
2026-05-20 16:36:52,548 - INFO -   验证损失: 0.004048, 验证MAE: 0.037156
2026-05-20 16:36:52,943 - INFO - 学习率从 0.00001400 调整为 0.00000840
2026-05-20 16:36:52,943 - INFO - Epoch 114/600: 
2026-05-20 16:36:52,943 - INFO -   训练损失: 0.002671, 训练MAE: 0.032819
2026-05-20 16:36:52,943 - INFO -   验证损失: 0.003535, 验证MAE: 0.037130
2026-05-20 16:36:53,335 - INFO - Epoch 115/600: 
2026-05-20 16:36:53,335 - INFO -   训练损失: 0.003104, 训练MAE: 0.034647
2026-05-20 16:36:53,335 - INFO -   验证损失: 0.002727, 验证MAE: 0.033664
2026-05-20 16:36:53,728 - INFO - Epoch 116/600: 
2026-05-20 16:36:53,728 - INFO -   训练损失: 0.003502, 训练MAE: 0.035466
2026-05-20 16:36:53,728 - INFO -   验证损失: 0.004646, 验证MAE: 0.045065
2026-05-20 16:36:54,119 - INFO - Epoch 117/600: 
2026-05-20 16:36:54,119 - INFO -   训练损失: 0.002878, 训练MAE: 0.033540
2026-05-20 16:36:54,119 - INFO -   验证损失: 0.003027, 验证MAE: 0.035114
2026-05-20 16:36:54,510 - INFO - Epoch 118/600: 
2026-05-20 16:36:54,510 - INFO -   训练损失: 0.003942, 训练MAE: 0.035554
2026-05-20 16:36:54,510 - INFO -   验证损失: 0.002225, 验证MAE: 0.027375
2026-05-20 16:36:54,895 - INFO - Epoch 119/600: 
2026-05-20 16:36:54,895 - INFO -   训练损失: 0.003550, 训练MAE: 0.034533
2026-05-20 16:36:54,895 - INFO -   验证损失: 0.002444, 验证MAE: 0.031319
2026-05-20 16:36:55,289 - INFO - Epoch 120/600: 
2026-05-20 16:36:55,289 - INFO -   训练损失: 0.002928, 训练MAE: 0.033202
2026-05-20 16:36:55,289 - INFO -   验证损失: 0.002361, 验证MAE: 0.029165
2026-05-20 16:36:55,343 - INFO - 检查点保存到: d:\CST output\CST 7\checkpoints\model_epoch_120.pth
2026-05-20 16:36:55,753 - INFO - 学习率从 0.00000840 调整为 0.00000504
2026-05-20 16:36:55,754 - INFO - Epoch 121/600: 
2026-05-20 16:36:55,754 - INFO -   训练损失: 0.003471, 训练MAE: 0.034245
2026-05-20 16:36:55,754 - INFO -   验证损失: 0.006549, 验证MAE: 0.051873
2026-05-20 16:36:56,142 - INFO - Epoch 122/600: 
2026-05-20 16:36:56,142 - INFO -   训练损失: 0.002911, 训练MAE: 0.033696
2026-05-20 16:36:56,142 - INFO -   验证损失: 0.002162, 验证MAE: 0.028195
2026-05-20 16:36:56,536 - INFO - Epoch 123/600: 
2026-05-20 16:36:56,536 - INFO -   训练损失: 0.002759, 训练MAE: 0.032579
2026-05-20 16:36:56,537 - INFO -   验证损失: 0.002475, 验证MAE: 0.029623
2026-05-20 16:36:56,930 - INFO - Epoch 124/600: 
2026-05-20 16:36:56,930 - INFO -   训练损失: 0.003000, 训练MAE: 0.034284
2026-05-20 16:36:56,931 - INFO -   验证损失: 0.003611, 验证MAE: 0.040189
2026-05-20 16:36:57,324 - INFO - Epoch 125/600: 
2026-05-20 16:36:57,324 - INFO -   训练损失: 0.002756, 训练MAE: 0.033302
2026-05-20 16:36:57,324 - INFO -   验证损失: 0.002262, 验证MAE: 0.028682
2026-05-20 16:36:57,709 - INFO - Epoch 126/600: 
2026-05-20 16:36:57,709 - INFO -   训练损失: 0.003232, 训练MAE: 0.034375
2026-05-20 16:36:57,709 - INFO -   验证损失: 0.002192, 验证MAE: 0.030138
2026-05-20 16:36:58,095 - INFO - Epoch 127/600: 
2026-05-20 16:36:58,096 - INFO -   训练损失: 0.003092, 训练MAE: 0.034195
2026-05-20 16:36:58,096 - INFO -   验证损失: 0.002095, 验证MAE: 0.026713
2026-05-20 16:36:58,483 - INFO - Epoch 128/600: 
2026-05-20 16:36:58,484 - INFO -   训练损失: 0.002822, 训练MAE: 0.033206
2026-05-20 16:36:58,484 - INFO -   验证损失: 0.001939, 验证MAE: 0.027855
2026-05-20 16:36:58,927 - INFO - Epoch 129/600: 
2026-05-20 16:36:58,927 - INFO -   训练损失: 0.002942, 训练MAE: 0.033627
2026-05-20 16:36:58,927 - INFO -   验证损失: 0.001959, 验证MAE: 0.026113
2026-05-20 16:36:59,336 - INFO - Epoch 130/600: 
2026-05-20 16:36:59,336 - INFO -   训练损失: 0.002930, 训练MAE: 0.032610
2026-05-20 16:36:59,336 - INFO -   验证损失: 0.001998, 验证MAE: 0.026369
2026-05-20 16:36:59,389 - INFO - 检查点保存到: d:\CST output\CST 7\checkpoints\model_epoch_130.pth
2026-05-20 16:36:59,778 - INFO - Epoch 131/600: 
2026-05-20 16:36:59,778 - INFO -   训练损失: 0.002725, 训练MAE: 0.032896
2026-05-20 16:36:59,778 - INFO -   验证损失: 0.002836, 验证MAE: 0.034133
2026-05-20 16:37:00,169 - INFO - Epoch 132/600: 
2026-05-20 16:37:00,169 - INFO -   训练损失: 0.003167, 训练MAE: 0.034246
2026-05-20 16:37:00,169 - INFO -   验证损失: 0.002841, 验证MAE: 0.032263
2026-05-20 16:37:00,559 - INFO - Epoch 133/600: 
2026-05-20 16:37:00,559 - INFO -   训练损失: 0.002746, 训练MAE: 0.033681
2026-05-20 16:37:00,559 - INFO -   验证损失: 0.001916, 验证MAE: 0.026499
2026-05-20 16:37:00,995 - INFO - Epoch 134/600: 
2026-05-20 16:37:00,995 - INFO -   训练损失: 0.002959, 训练MAE: 0.033868
2026-05-20 16:37:00,995 - INFO -   验证损失: 0.003204, 验证MAE: 0.033976
2026-05-20 16:37:01,376 - INFO - Epoch 135/600: 
2026-05-20 16:37:01,376 - INFO -   训练损失: 0.002735, 训练MAE: 0.032685
2026-05-20 16:37:01,376 - INFO -   验证损失: 0.002669, 验证MAE: 0.032086
2026-05-20 16:37:01,765 - INFO - Epoch 136/600: 
2026-05-20 16:37:01,766 - INFO -   训练损失: 0.002733, 训练MAE: 0.032840
2026-05-20 16:37:01,766 - INFO -   验证损失: 0.001963, 验证MAE: 0.026194
2026-05-20 16:37:02,171 - INFO - Epoch 137/600: 
2026-05-20 16:37:02,171 - INFO -   训练损失: 0.003591, 训练MAE: 0.034064
2026-05-20 16:37:02,172 - INFO -   验证损失: 0.002083, 验证MAE: 0.027416
2026-05-20 16:37:02,565 - INFO - Epoch 138/600: 
2026-05-20 16:37:02,565 - INFO -   训练损失: 0.003446, 训练MAE: 0.033833
2026-05-20 16:37:02,566 - INFO -   验证损失: 0.002492, 验证MAE: 0.030121
2026-05-20 16:37:02,977 - INFO - Epoch 139/600: 
2026-05-20 16:37:02,978 - INFO -   训练损失: 0.003171, 训练MAE: 0.033719
2026-05-20 16:37:02,978 - INFO -   验证损失: 0.002299, 验证MAE: 0.030147
2026-05-20 16:37:03,403 - INFO - 学习率从 0.00000504 调整为 0.00000302
2026-05-20 16:37:03,403 - INFO - Epoch 140/600: 
2026-05-20 16:37:03,403 - INFO -   训练损失: 0.003197, 训练MAE: 0.033205
2026-05-20 16:37:03,403 - INFO -   验证损失: 0.002317, 验证MAE: 0.031094
2026-05-20 16:37:03,459 - INFO - 检查点保存到: d:\CST output\CST 7\checkpoints\model_epoch_140.pth
2026-05-20 16:37:03,859 - INFO - Epoch 141/600: 
2026-05-20 16:37:03,859 - INFO -   训练损失: 0.004141, 训练MAE: 0.036336
2026-05-20 16:37:03,859 - INFO -   验证损失: 0.002780, 验证MAE: 0.032426
2026-05-20 16:37:04,258 - INFO - Epoch 142/600: 
2026-05-20 16:37:04,258 - INFO -   训练损失: 0.002909, 训练MAE: 0.033438
2026-05-20 16:37:04,258 - INFO -   验证损失: 0.001971, 验证MAE: 0.025630
2026-05-20 16:37:04,659 - INFO - Epoch 143/600: 
2026-05-20 16:37:04,660 - INFO -   训练损失: 0.003350, 训练MAE: 0.033959
2026-05-20 16:37:04,660 - INFO -   验证损失: 0.001837, 验证MAE: 0.023355
2026-05-20 16:37:05,109 - INFO - Epoch 144/600: 
2026-05-20 16:37:05,109 - INFO -   训练损失: 0.002709, 训练MAE: 0.032791
2026-05-20 16:37:05,109 - INFO -   验证损失: 0.001913, 验证MAE: 0.024917
2026-05-20 16:37:05,498 - INFO - Epoch 145/600: 
2026-05-20 16:37:05,498 - INFO -   训练损失: 0.002978, 训练MAE: 0.032741
2026-05-20 16:37:05,498 - INFO -   验证损失: 0.002211, 验证MAE: 0.028362
2026-05-20 16:37:05,889 - INFO - Epoch 146/600: 
2026-05-20 16:37:05,889 - INFO -   训练损失: 0.003154, 训练MAE: 0.033906
2026-05-20 16:37:05,889 - INFO -   验证损失: 0.002029, 验证MAE: 0.026904
2026-05-20 16:37:06,288 - INFO - Epoch 147/600: 
2026-05-20 16:37:06,288 - INFO -   训练损失: 0.002706, 训练MAE: 0.032797
2026-05-20 16:37:06,288 - INFO -   验证损失: 0.001671, 验证MAE: 0.023359
2026-05-20 16:37:06,755 - INFO - Epoch 148/600: 
2026-05-20 16:37:06,755 - INFO -   训练损失: 0.002617, 训练MAE: 0.032860
2026-05-20 16:37:06,755 - INFO -   验证损失: 0.002149, 验证MAE: 0.026484
2026-05-20 16:37:07,164 - INFO - Epoch 149/600: 
2026-05-20 16:37:07,164 - INFO -   训练损失: 0.003488, 训练MAE: 0.033702
2026-05-20 16:37:07,165 - INFO -   验证损失: 0.002121, 验证MAE: 0.028058
2026-05-20 16:37:07,565 - INFO - Epoch 150/600: 
2026-05-20 16:37:07,566 - INFO -   训练损失: 0.003045, 训练MAE: 0.033137
2026-05-20 16:37:07,566 - INFO -   验证损失: 0.002359, 验证MAE: 0.027627
2026-05-20 16:37:07,620 - INFO - 检查点保存到: d:\CST output\CST 7\checkpoints\model_epoch_150.pth
2026-05-20 16:37:08,030 - INFO - Epoch 151/600: 
2026-05-20 16:37:08,030 - INFO -   训练损失: 0.002606, 训练MAE: 0.031854
2026-05-20 16:37:08,030 - INFO -   验证损失: 0.001974, 验证MAE: 0.026332
2026-05-20 16:37:08,433 - INFO - Epoch 152/600: 
2026-05-20 16:37:08,434 - INFO -   训练损失: 0.002875, 训练MAE: 0.033816
2026-05-20 16:37:08,434 - INFO -   验证损失: 0.001934, 验证MAE: 0.025623
2026-05-20 16:37:08,839 - INFO - Epoch 153/600: 
2026-05-20 16:37:08,839 - INFO -   训练损失: 0.002976, 训练MAE: 0.033343
2026-05-20 16:37:08,839 - INFO -   验证损失: 0.002146, 验证MAE: 0.028420
2026-05-20 16:37:09,237 - INFO - 学习率从 0.00000302 调整为 0.00000181
2026-05-20 16:37:09,237 - INFO - Epoch 154/600: 
2026-05-20 16:37:09,237 - INFO -   训练损失: 0.002615, 训练MAE: 0.031831
2026-05-20 16:37:09,237 - INFO -   验证损失: 0.002110, 验证MAE: 0.028376
2026-05-20 16:37:09,645 - INFO - Epoch 155/600: 
2026-05-20 16:37:09,645 - INFO -   训练损失: 0.003133, 训练MAE: 0.032998
2026-05-20 16:37:09,645 - INFO -   验证损失: 0.002505, 验证MAE: 0.030120
2026-05-20 16:37:10,041 - INFO - Epoch 156/600: 
2026-05-20 16:37:10,041 - INFO -   训练损失: 0.002921, 训练MAE: 0.033432
2026-05-20 16:37:10,042 - INFO -   验证损失: 0.002378, 验证MAE: 0.026920
2026-05-20 16:37:10,448 - INFO - Epoch 157/600: 
2026-05-20 16:37:10,448 - INFO -   训练损失: 0.002757, 训练MAE: 0.032323
2026-05-20 16:37:10,448 - INFO -   验证损失: 0.001796, 验证MAE: 0.023657
2026-05-20 16:37:10,859 - INFO - Epoch 158/600: 
2026-05-20 16:37:10,859 - INFO -   训练损失: 0.002955, 训练MAE: 0.034275
2026-05-20 16:37:10,860 - INFO -   验证损失: 0.001883, 验证MAE: 0.024981
2026-05-20 16:37:11,259 - INFO - Epoch 159/600: 
2026-05-20 16:37:11,259 - INFO -   训练损失: 0.003157, 训练MAE: 0.032891
2026-05-20 16:37:11,259 - INFO -   验证损失: 0.001691, 验证MAE: 0.021913
2026-05-20 16:37:11,665 - INFO - Epoch 160/600: 
2026-05-20 16:37:11,665 - INFO -   训练损失: 0.003503, 训练MAE: 0.034922
2026-05-20 16:37:11,665 - INFO -   验证损失: 0.001894, 验证MAE: 0.023854
2026-05-20 16:37:11,718 - INFO - 检查点保存到: d:\CST output\CST 7\checkpoints\model_epoch_160.pth
2026-05-20 16:37:12,135 - INFO - 学习率从 0.00000181 调整为 0.00000109
2026-05-20 16:37:12,135 - INFO - Epoch 161/600: 
2026-05-20 16:37:12,135 - INFO -   训练损失: 0.002561, 训练MAE: 0.032552
2026-05-20 16:37:12,135 - INFO -   验证损失: 0.002070, 验证MAE: 0.025471
2026-05-20 16:37:12,539 - INFO - Epoch 162/600: 
2026-05-20 16:37:12,539 - INFO -   训练损失: 0.003036, 训练MAE: 0.033888
2026-05-20 16:37:12,540 - INFO -   验证损失: 0.002121, 验证MAE: 0.026501
2026-05-20 16:37:12,930 - INFO - Epoch 163/600: 
2026-05-20 16:37:12,930 - INFO -   训练损失: 0.002565, 训练MAE: 0.032689
2026-05-20 16:37:12,930 - INFO -   验证损失: 0.002079, 验证MAE: 0.027169
2026-05-20 16:37:13,319 - INFO - Epoch 164/600: 
2026-05-20 16:37:13,319 - INFO -   训练损失: 0.003906, 训练MAE: 0.034271
2026-05-20 16:37:13,319 - INFO -   验证损失: 0.001868, 验证MAE: 0.024674
2026-05-20 16:37:13,715 - INFO - Epoch 165/600: 
2026-05-20 16:37:13,715 - INFO -   训练损失: 0.002875, 训练MAE: 0.034150
2026-05-20 16:37:13,715 - INFO -   验证损失: 0.001976, 验证MAE: 0.026026
2026-05-20 16:37:14,105 - INFO - Epoch 166/600: 
2026-05-20 16:37:14,105 - INFO -   训练损失: 0.003657, 训练MAE: 0.035350
2026-05-20 16:37:14,107 - INFO -   验证损失: 0.001969, 验证MAE: 0.025457
2026-05-20 16:37:14,507 - INFO - Epoch 167/600: 
2026-05-20 16:37:14,507 - INFO -   训练损失: 0.002765, 训练MAE: 0.033183
2026-05-20 16:37:14,507 - INFO -   验证损失: 0.002065, 验证MAE: 0.026560
2026-05-20 16:37:14,929 - INFO - 学习率从 0.00000109 调整为 0.00000065
2026-05-20 16:37:14,929 - INFO - Epoch 168/600: 
2026-05-20 16:37:14,929 - INFO -   训练损失: 0.002664, 训练MAE: 0.032485
2026-05-20 16:37:14,930 - INFO -   验证损失: 0.001914, 验证MAE: 0.025008
2026-05-20 16:37:15,327 - INFO - Epoch 169/600: 
2026-05-20 16:37:15,328 - INFO -   训练损失: 0.003354, 训练MAE: 0.032758
2026-05-20 16:37:15,328 - INFO -   验证损失: 0.002091, 验证MAE: 0.026064
2026-05-20 16:37:15,729 - INFO - Epoch 170/600: 
2026-05-20 16:37:15,729 - INFO -   训练损失: 0.002545, 训练MAE: 0.032891
2026-05-20 16:37:15,729 - INFO -   验证损失: 0.001989, 验证MAE: 0.026398
2026-05-20 16:37:15,782 - INFO - 检查点保存到: d:\CST output\CST 7\checkpoints\model_epoch_170.pth
2026-05-20 16:37:16,181 - INFO - Epoch 171/600: 
2026-05-20 16:37:16,181 - INFO -   训练损失: 0.002991, 训练MAE: 0.033782
2026-05-20 16:37:16,181 - INFO -   验证损失: 0.001982, 验证MAE: 0.025478
2026-05-20 16:37:16,571 - INFO - Epoch 172/600: 
2026-05-20 16:37:16,571 - INFO -   训练损失: 0.003443, 训练MAE: 0.034184
2026-05-20 16:37:16,571 - INFO -   验证损失: 0.001978, 验证MAE: 0.025279
2026-05-20 16:37:16,959 - INFO - Epoch 173/600: 
2026-05-20 16:37:16,959 - INFO -   训练损失: 0.002887, 训练MAE: 0.033640
2026-05-20 16:37:16,959 - INFO -   验证损失: 0.001771, 验证MAE: 0.023754
2026-05-20 16:37:17,349 - INFO - Epoch 174/600: 
2026-05-20 16:37:17,349 - INFO -   训练损失: 0.003726, 训练MAE: 0.034424
2026-05-20 16:37:17,349 - INFO -   验证损失: 0.002156, 验证MAE: 0.027806
2026-05-20 16:37:17,734 - INFO - 学习率从 0.00000065 调整为 0.00000050
2026-05-20 16:37:17,734 - INFO - Epoch 175/600: 
2026-05-20 16:37:17,734 - INFO -   训练损失: 0.003129, 训练MAE: 0.034018
2026-05-20 16:37:17,735 - INFO -   验证损失: 0.001950, 验证MAE: 0.025652
2026-05-20 16:37:18,122 - INFO - Epoch 176/600: 
2026-05-20 16:37:18,122 - INFO -   训练损失: 0.002748, 训练MAE: 0.032334
2026-05-20 16:37:18,122 - INFO -   验证损失: 0.002015, 验证MAE: 0.025935
2026-05-20 16:37:18,529 - INFO - Epoch 177/600: 
2026-05-20 16:37:18,530 - INFO -   训练损失: 0.003126, 训练MAE: 0.032389
2026-05-20 16:37:18,530 - INFO -   验证损失: 0.001980, 验证MAE: 0.024262
2026-05-20 16:37:18,530 - INFO - 早停触发: 30轮验证损失未改善
2026-05-20 16:37:18,530 - INFO - 模型训练完成!
2026-05-20 16:37:18,531 - INFO - 加载最佳模型进行评估...
2026-05-20 16:37:18,576 - INFO - 在完整验证集(20%数据)上评估模型...
2026-05-20 16:37:18,603 - INFO - 模型评估结果:
2026-05-20 16:37:18,604 - INFO -   测试损失: 0.001671
2026-05-20 16:37:18,604 - INFO -   测试MAE: 0.023359
2026-05-20 16:37:18,604 - INFO - 生成训练结果可视化...
2026-05-20 16:37:19,074 - INFO - 训练曲线已保存到: d:\CST output\CST 7\training_plots\training_curves.png
2026-05-20 16:37:20,340 - INFO - 预测散点图已保存到: d:\CST output\CST 7\training_plots\prediction_scatter.png
2026-05-20 16:37:21,357 - INFO - 误差分布图已保存到: d:\CST output\CST 7\training_plots\error_distribution.png
2026-05-20 16:37:21,357 - INFO - 所有可视化图表已生成完成!
2026-05-20 16:37:21,357 - INFO - ============================================================
2026-05-20 16:37:21,357 - INFO - 模型训练流程完成! (数据集划分: 训练集80% / 验证集20%)
2026-05-20 16:37:21,357 - INFO - 可视化图表保存在: d:\CST output\CST 7\training_plots
2026-05-20 16:37:21,357 - INFO - ============================================================
